({sessionId:"2cdb9a", runId:"font-dropdown-debug", hypothesisId:"H1", location:"import_panel.jsx:refreshFontDropdownsFromProject", message:"font list collected", data:{reason:"writeCfgInputs", total:1387, sample0:{family:"AaJueXingHei-80J-2", style:"", ps:"AaJueXingHei-80J-2"}}, timestamp:1777641590847})
({sessionId:"2cdb9a", runId:"font-dropdown-debug", hypothesisId:"H2", location:"import_panel.jsx:ddRegularFont.onChange", message:"onChange fired", data:{source:"programmatic", enabled:true, hasSelection:true, selIndex:0, entries:1387}, timestamp:1777641590923})
({sessionId:"2cdb9a", runId:"font-dropdown-debug", hypothesisId:"H2", location:"import_panel.jsx:ddBoldFont.onChange", message:"onChange fired", data:{source:"programmatic", hasSelection:true, selIndex:0}, timestamp:1777641590990})
({sessionId:"2cdb9a", runId:"font-dropdown-debug", hypothesisId:"H7", location:"import_panel.jsx:refreshFontDropdownsFromProject", message:"programmatic flag reset", data:{reason:"writeCfgInputs", programmaticFlag:false}, timestamp:1777641590998})
({sessionId:"2cdb9a", runId:"font-dropdown-debug", hypothesisId:"H6", location:"import_panel.jsx:w.onActivate", message:"window activate snapshot", data:{programmaticFlag:false, regularSelIndex:0, boldSelIndex:0, regularSelText:"AaJueXingHei-80J-2 | -", boldSelText:"无（仿加粗）"}, timestamp:1777641591031})
({sessionId:"2cdb9a", runId:"font-dropdown-debug", hypothesisId:"H6", location:"import_panel.jsx:w.onActivate", message:"window activate snapshot", data:{programmaticFlag:false, regularSelIndex:0, boldSelIndex:0, regularSelText:"AaJueXingHei-80J-2 | -", boldSelText:"无（仿加粗）"}, timestamp:1777641591032})
({sessionId:"2cdb9a", runId:"font-dropdown-debug", hypothesisId:"H4", location:"import_panel.jsx:btnSaveDefaults.onClick", message:"save defaults click snapshot", data:{regularSelIndex:0, boldSelIndex:0, regularSelText:"AaJueXingHei-80J-2 | -", boldSelText:"无（仿加粗）"}, timestamp:1777641597266})
({sessionId:"2cdb9a", runId:"font-dropdown-debug", hypothesisId:"H4", location:"import_panel.jsx:btnSaveDefaults.onClick", message:"save defaults after readCfgInputs", data:{regular0:"AaJueXingHei-80J-2", bold0:"AaJueXingHei-80J-2"}, timestamp:1777641597266})
({sessionId:"2cdb9a", runId:"font-dropdown-debug", hypothesisId:"H4", location:"import_panel.jsx:btnSaveDefaults.onClick", message:"save defaults click snapshot", data:{regularSelIndex:0, boldSelIndex:0, regularSelText:"AaJueXingHei-80J-2 | -", boldSelText:"无（仿加粗）"}, timestamp:1777641597521})
({sessionId:"2cdb9a", runId:"font-dropdown-debug", hypothesisId:"H4", location:"import_panel.jsx:btnSaveDefaults.onClick", message:"save defaults after readCfgInputs", data:{regular0:"AaJueXingHei-80J-2", bold0:"AaJueXingHei-80J-2"}, timestamp:1777641597521})
({sessionId:"2cdb9a", runId:"font-dropdown-debug", hypothesisId:"H4", location:"import_panel.jsx:btnSaveDefaults.onClick", message:"save defaults click snapshot", data:{regularSelIndex:0, boldSelIndex:0, regularSelText:"AaJueXingHei-80J-2 | -", boldSelText:"无（仿加粗）"}, timestamp:1777641597721})
({sessionId:"2cdb9a", runId:"font-dropdown-debug", hypothesisId:"H4", location:"import_panel.jsx:btnSaveDefaults.onClick", message:"save defaults after readCfgInputs", data:{regular0:"AaJueXingHei-80J-2", bold0:"AaJueXingHei-80J-2"}, timestamp:1777641597721})
({sessionId:"2cdb9a", runId:"font-dropdown-debug", hypothesisId:"H4", location:"import_panel.jsx:btnSaveDefaults.onClick", message:"save defaults click snapshot", data:{regularSelIndex:0, boldSelIndex:0, regularSelText:"AaJueXingHei-80J-2 | -", boldSelText:"无（仿加粗）"}, timestamp:1777641597889})
({sessionId:"2cdb9a", runId:"font-dropdown-debug", hypothesisId:"H4", location:"import_panel.jsx:btnSaveDefaults.onClick", message:"save defaults after readCfgInputs", data:{regular0:"AaJueXingHei-80J-2", bold0:"AaJueXingHei-80J-2"}, timestamp:1777641597889})
({sessionId:"2cdb9a", runId:"font-dropdown-debug", hypothesisId:"H4", location:"import_panel.jsx:btnSaveDefaults.onClick", message:"save defaults click snapshot", data:{regularSelIndex:0, boldSelIndex:0, regularSelText:"AaJueXingHei-80J-2 | -", boldSelText:"无（仿加粗）"}, timestamp:1777641598038})
({sessionId:"2cdb9a", runId:"font-dropdown-debug", hypothesisId:"H4", location:"import_panel.jsx:btnSaveDefaults.onClick", message:"save defaults after readCfgInputs", data:{regular0:"AaJueXingHei-80J-2", bold0:"AaJueXingHei-80J-2"}, timestamp:1777641598038})
({sessionId:"2cdb9a", runId:"font-dropdown-debug", hypothesisId:"H4", location:"import_panel.jsx:btnSaveDefaults.onClick", message:"save defaults click snapshot", data:{regularSelIndex:0, boldSelIndex:0, regularSelText:"AaJueXingHei-80J-2 | -", boldSelText:"无（仿加粗）"}, timestamp:1777641598195})
({sessionId:"2cdb9a", runId:"font-dropdown-debug", hypothesisId:"H4", location:"import_panel.jsx:btnSaveDefaults.onClick", message:"save defaults after readCfgInputs", data:{regular0:"AaJueXingHei-80J-2", bold0:"AaJueXingHei-80J-2"}, timestamp:1777641598195})
({sessionId:"2cdb9a", runId:"font-dropdown-debug", hypothesisId:"H1", location:"import_panel.jsx:refreshFontDropdownsFromProject", message:"font list collected", data:{reason:"writeCfgInputs", total:1387, sample0:{family:"AaJueXingHei-80J-2", style:"", ps:"AaJueXingHei-80J-2"}}, timestamp:1777641624659})
({sessionId:"2cdb9a", runId:"font-dropdown-debug", hypothesisId:"H2", location:"import_panel.jsx:ddRegularFont.onChange", message:"onChange fired", data:{source:"programmatic", enabled:true, hasSelection:true, selIndex:0, entries:1387}, timestamp:1777641624711})
({sessionId:"2cdb9a", runId:"font-dropdown-debug", hypothesisId:"H2", location:"import_panel.jsx:ddBoldFont.onChange", message:"onChange fired", data:{source:"programmatic", hasSelection:true, selIndex:0}, timestamp:1777641624760})
({sessionId:"2cdb9a", runId:"font-dropdown-debug", hypothesisId:"H7", location:"import_panel.jsx:refreshFontDropdownsFromProject", message:"programmatic flag reset", data:{reason:"writeCfgInputs", programmaticFlag:false}, timestamp:1777641624776})
({sessionId:"2cdb9a", runId:"font-dropdown-debug", hypothesisId:"H6", location:"import_panel.jsx:w.onActivate", message:"window activate snapshot", data:{programmaticFlag:false, regularSelIndex:0, boldSelIndex:0, regularSelText:"AaJueXingHei-80J-2 | -", boldSelText:"无（仿加粗）"}, timestamp:1777641624807})
({sessionId:"2cdb9a", runId:"font-dropdown-debug", hypothesisId:"H6", location:"import_panel.jsx:w.onActivate", message:"window activate snapshot", data:{programmaticFlag:false, regularSelIndex:0, boldSelIndex:0, regularSelText:"AaJueXingHei-80J-2 | -", boldSelText:"无（仿加粗）"}, timestamp:1777641624808})
({sessionId:"2cdb9a", runId:"font-dropdown-debug", hypothesisId:"H6", location:"import_panel.jsx:w.onActivate", message:"window activate snapshot", data:{programmaticFlag:false, regularSelIndex:0, boldSelIndex:0, regularSelText:"AaJueXingHei-80J-2 | -", boldSelText:"无（仿加粗）"}, timestamp:1777641624876})
({sessionId:"2cdb9a", runId:"font-dropdown-debug", hypothesisId:"H6", location:"import_panel.jsx:w.onActivate", message:"window activate snapshot", data:{programmaticFlag:false, regularSelIndex:0, boldSelIndex:0, regularSelText:"AaJueXingHei-80J-2 | -", boldSelText:"无（仿加粗）"}, timestamp:1777641624876})
({sessionId:"2cdb9a", runId:"font-dropdown-debug", hypothesisId:"H4", location:"import_panel.jsx:btnSaveDefaults.onClick", message:"save defaults click snapshot", data:{regularSelIndex:0, boldSelIndex:0, regularSelText:"AaJueXingHei-80J-2 | -", boldSelText:"无（仿加粗）"}, timestamp:1777641630739})
({sessionId:"2cdb9a", runId:"font-dropdown-debug", hypothesisId:"H4", location:"import_panel.jsx:btnSaveDefaults.onClick", message:"save defaults after readCfgInputs", data:{regular0:"AaJueXingHei-80J-2", bold0:"AaJueXingHei-80J-2"}, timestamp:1777641630739})
({sessionId:"2cdb9a", runId:"font-dropdown-debug", hypothesisId:"H4", location:"import_panel.jsx:btnSaveDefaults.onClick", message:"save defaults click snapshot", data:{regularSelIndex:0, boldSelIndex:0, regularSelText:"AaJueXingHei-80J-2 | -", boldSelText:"无（仿加粗）"}, timestamp:1777641630943})
({sessionId:"2cdb9a", runId:"font-dropdown-debug", hypothesisId:"H4", location:"import_panel.jsx:btnSaveDefaults.onClick", message:"save defaults after readCfgInputs", data:{regular0:"AaJueXingHei-80J-2", bold0:"AaJueXingHei-80J-2"}, timestamp:1777641630943})
({sessionId:"2cdb9a", runId:"font-dropdown-debug", hypothesisId:"H4", location:"import_panel.jsx:btnSaveDefaults.onClick", message:"save defaults click snapshot", data:{regularSelIndex:0, boldSelIndex:0, regularSelText:"AaJueXingHei-80J-2 | -", boldSelText:"无（仿加粗）"}, timestamp:1777641631116})
({sessionId:"2cdb9a", runId:"font-dropdown-debug", hypothesisId:"H4", location:"import_panel.jsx:btnSaveDefaults.onClick", message:"save defaults after readCfgInputs", data:{regular0:"AaJueXingHei-80J-2", bold0:"AaJueXingHei-80J-2"}, timestamp:1777641631116})
({sessionId:"2cdb9a", runId:"font-dropdown-debug", hypothesisId:"H4", location:"import_panel.jsx:btnSaveDefaults.onClick", message:"save defaults click snapshot", data:{regularSelIndex:0, boldSelIndex:0, regularSelText:"AaJueXingHei-80J-2 | -", boldSelText:"无（仿加粗）"}, timestamp:1777641631299})
({sessionId:"2cdb9a", runId:"font-dropdown-debug", hypothesisId:"H4", location:"import_panel.jsx:btnSaveDefaults.onClick", message:"save defaults after readCfgInputs", data:{regular0:"AaJueXingHei-80J-2", bold0:"AaJueXingHei-80J-2"}, timestamp:1777641631299})
({sessionId:"2cdb9a", runId:"font-dropdown-debug", hypothesisId:"H4", location:"import_panel.jsx:btnSaveDefaults.onClick", message:"save defaults click snapshot", data:{regularSelIndex:0, boldSelIndex:0, regularSelText:"AaJueXingHei-80J-2 | -", boldSelText:"无（仿加粗）"}, timestamp:1777641631431})
({sessionId:"2cdb9a", runId:"font-dropdown-debug", hypothesisId:"H4", location:"import_panel.jsx:btnSaveDefaults.onClick", message:"save defaults after readCfgInputs", data:{regular0:"AaJueXingHei-80J-2", bold0:"AaJueXingHei-80J-2"}, timestamp:1777641631446})
({sessionId:"2cdb9a", runId:"font-dropdown-debug", hypothesisId:"H4", location:"import_panel.jsx:btnSaveDefaults.onClick", message:"save defaults click snapshot", data:{regularSelIndex:0, boldSelIndex:0, regularSelText:"AaJueXingHei-80J-2 | -", boldSelText:"无（仿加粗）"}, timestamp:1777641631627})
({sessionId:"2cdb9a", runId:"font-dropdown-debug", hypothesisId:"H4", location:"import_panel.jsx:btnSaveDefaults.onClick", message:"save defaults after readCfgInputs", data:{regular0:"AaJueXingHei-80J-2", bold0:"AaJueXingHei-80J-2"}, timestamp:1777641631627})
({sessionId:"2cdb9a", runId:"font-dropdown-debug", hypothesisId:"H4", location:"import_panel.jsx:btnSaveDefaults.onClick", message:"save defaults click snapshot", data:{regularSelIndex:0, boldSelIndex:0, regularSelText:"AaJueXingHei-80J-2 | -", boldSelText:"无（仿加粗）"}, timestamp:1777641631800})
({sessionId:"2cdb9a", runId:"font-dropdown-debug", hypothesisId:"H4", location:"import_panel.jsx:btnSaveDefaults.onClick", message:"save defaults after readCfgInputs", data:{regular0:"AaJueXingHei-80J-2", bold0:"AaJueXingHei-80J-2"}, timestamp:1777641631800})
({sessionId:"2cdb9a", runId:"font-dropdown-debug", hypothesisId:"H4", location:"import_panel.jsx:btnSaveDefaults.onClick", message:"save defaults click snapshot", data:{regularSelIndex:0, boldSelIndex:0, regularSelText:"AaJueXingHei-80J-2 | -", boldSelText:"无（仿加粗）"}, timestamp:1777641631966})
({sessionId:"2cdb9a", runId:"font-dropdown-debug", hypothesisId:"H4", location:"import_panel.jsx:btnSaveDefaults.onClick", message:"save defaults after readCfgInputs", data:{regular0:"AaJueXingHei-80J-2", bold0:"AaJueXingHei-80J-2"}, timestamp:1777641631966})
({sessionId:"2cdb9a", runId:"font-dropdown-debug", hypothesisId:"H4", location:"import_panel.jsx:btnSaveDefaults.onClick", message:"save defaults click snapshot", data:{regularSelIndex:0, boldSelIndex:0, regularSelText:"AaJueXingHei-80J-2 | -", boldSelText:"无（仿加粗）"}, timestamp:1777641632133})
({sessionId:"2cdb9a", runId:"font-dropdown-debug", hypothesisId:"H4", location:"import_panel.jsx:btnSaveDefaults.onClick", message:"save defaults after readCfgInputs", data:{regular0:"AaJueXingHei-80J-2", bold0:"AaJueXingHei-80J-2"}, timestamp:1777641632133})
({sessionId:"2cdb9a", runId:"font-dropdown-debug", hypothesisId:"H4", location:"import_panel.jsx:btnSaveDefaults.onClick", message:"save defaults click snapshot", data:{regularSelIndex:0, boldSelIndex:0, regularSelText:"AaJueXingHei-80J-2 | -", boldSelText:"无（仿加粗）"}, timestamp:1777641632297})
({sessionId:"2cdb9a", runId:"font-dropdown-debug", hypothesisId:"H4", location:"import_panel.jsx:btnSaveDefaults.onClick", message:"save defaults after readCfgInputs", data:{regular0:"AaJueXingHei-80J-2", bold0:"AaJueXingHei-80J-2"}, timestamp:1777641632297})
({sessionId:"2cdb9a", runId:"font-dropdown-debug", hypothesisId:"H4", location:"import_panel.jsx:btnSaveDefaults.onClick", message:"save defaults click snapshot", data:{regularSelIndex:0, boldSelIndex:0, regularSelText:"AaJueXingHei-80J-2 | -", boldSelText:"无（仿加粗）"}, timestamp:1777641632470})
({sessionId:"2cdb9a", runId:"font-dropdown-debug", hypothesisId:"H4", location:"import_panel.jsx:btnSaveDefaults.onClick", message:"save defaults after readCfgInputs", data:{regular0:"AaJueXingHei-80J-2", bold0:"AaJueXingHei-80J-2"}, timestamp:1777641632484})
({sessionId:"2cdb9a", runId:"font-dropdown-debug", hypothesisId:"H1", location:"import_panel.jsx:refreshFontDropdownsFromProject", message:"font list collected", data:{reason:"btnPickFontFile", total:1387, sample0:{family:"AaJueXingHei-80J-2", style:"", ps:"AaJueXingHei-80J-2"}}, timestamp:1777641634102})
({sessionId:"2cdb9a", runId:"font-dropdown-debug", hypothesisId:"H2", location:"import_panel.jsx:ddRegularFont.onChange", message:"onChange fired", data:{source:"programmatic", enabled:true, hasSelection:true, selIndex:0, entries:1387}, timestamp:1777641634232})
({sessionId:"2cdb9a", runId:"font-dropdown-debug", hypothesisId:"H2", location:"import_panel.jsx:ddBoldFont.onChange", message:"onChange fired", data:{source:"programmatic", hasSelection:true, selIndex:0}, timestamp:1777641634317})
({sessionId:"2cdb9a", runId:"font-dropdown-debug", hypothesisId:"H7", location:"import_panel.jsx:refreshFontDropdownsFromProject", message:"programmatic flag reset", data:{reason:"btnPickFontFile", programmaticFlag:false}, timestamp:1777641634333})
({sessionId:"2cdb9a", runId:"font-dropdown-debug", hypothesisId:"H4", location:"import_panel.jsx:btnSaveDefaults.onClick", message:"save defaults click snapshot", data:{regularSelIndex:0, boldSelIndex:0, regularSelText:"AaJueXingHei-80J-2 | -", boldSelText:"无（仿加粗）"}, timestamp:1777641636920})
({sessionId:"2cdb9a", runId:"font-dropdown-debug", hypothesisId:"H4", location:"import_panel.jsx:btnSaveDefaults.onClick", message:"save defaults after readCfgInputs", data:{regular0:"AaJueXingHei-80J-2", bold0:"AaJueXingHei-80J-2"}, timestamp:1777641636920})
({sessionId:"2cdb9a", runId:"font-dropdown-debug", hypothesisId:"H4", location:"import_panel.jsx:btnSaveDefaults.onClick", message:"save defaults click snapshot", data:{regularSelIndex:0, boldSelIndex:0, regularSelText:"AaJueXingHei-80J-2 | -", boldSelText:"无（仿加粗）"}, timestamp:1777641637085})
({sessionId:"2cdb9a", runId:"font-dropdown-debug", hypothesisId:"H4", location:"import_panel.jsx:btnSaveDefaults.onClick", message:"save defaults after readCfgInputs", data:{regular0:"AaJueXingHei-80J-2", bold0:"AaJueXingHei-80J-2"}, timestamp:1777641637085})
({sessionId:"2cdb9a", runId:"font-dropdown-debug", hypothesisId:"H4", location:"import_panel.jsx:btnSaveDefaults.onClick", message:"save defaults click snapshot", data:{regularSelIndex:0, boldSelIndex:0, regularSelText:"AaJueXingHei-80J-2 | -", boldSelText:"无（仿加粗）"}, timestamp:1777641637250})
({sessionId:"2cdb9a", runId:"font-dropdown-debug", hypothesisId:"H4", location:"import_panel.jsx:btnSaveDefaults.onClick", message:"save defaults after readCfgInputs", data:{regular0:"AaJueXingHei-80J-2", bold0:"AaJueXingHei-80J-2"}, timestamp:1777641637265})
({sessionId:"2cdb9a", runId:"font-dropdown-debug", hypothesisId:"H4", location:"import_panel.jsx:btnSaveDefaults.onClick", message:"save defaults click snapshot", data:{regularSelIndex:0, boldSelIndex:0, regularSelText:"AaJueXingHei-80J-2 | -", boldSelText:"无（仿加粗）"}, timestamp:1777641637418})
({sessionId:"2cdb9a", runId:"font-dropdown-debug", hypothesisId:"H4", location:"import_panel.jsx:btnSaveDefaults.onClick", message:"save defaults after readCfgInputs", data:{regular0:"AaJueXingHei-80J-2", bold0:"AaJueXingHei-80J-2"}, timestamp:1777641637418})
({sessionId:"2cdb9a", runId:"font-dropdown-debug", hypothesisId:"H4", location:"import_panel.jsx:btnSaveDefaults.onClick", message:"save defaults click snapshot", data:{regularSelIndex:0, boldSelIndex:0, regularSelText:"AaJueXingHei-80J-2 | -", boldSelText:"无（仿加粗）"}, timestamp:1777641637572})
({sessionId:"2cdb9a", runId:"font-dropdown-debug", hypothesisId:"H4", location:"import_panel.jsx:btnSaveDefaults.onClick", message:"save defaults after readCfgInputs", data:{regular0:"AaJueXingHei-80J-2", bold0:"AaJueXingHei-80J-2"}, timestamp:1777641637572})
({sessionId:"2cdb9a", runId:"font-dropdown-debug", hypothesisId:"H4", location:"import_panel.jsx:btnSaveDefaults.onClick", message:"save defaults click snapshot", data:{regularSelIndex:0, boldSelIndex:0, regularSelText:"AaJueXingHei-80J-2 | -", boldSelText:"无（仿加粗）"}, timestamp:1777641637707})
({sessionId:"2cdb9a", runId:"font-dropdown-debug", hypothesisId:"H4", location:"import_panel.jsx:btnSaveDefaults.onClick", message:"save defaults after readCfgInputs", data:{regular0:"AaJueXingHei-80J-2", bold0:"AaJueXingHei-80J-2"}, timestamp:1777641637723})
({sessionId:"2cdb9a", runId:"font-dropdown-debug", hypothesisId:"H4", location:"import_panel.jsx:btnSaveDefaults.onClick", message:"save defaults click snapshot", data:{regularSelIndex:0, boldSelIndex:0, regularSelText:"AaJueXingHei-80J-2 | -", boldSelText:"无（仿加粗）"}, timestamp:1777641637888})
({sessionId:"2cdb9a", runId:"font-dropdown-debug", hypothesisId:"H4", location:"import_panel.jsx:btnSaveDefaults.onClick", message:"save defaults after readCfgInputs", data:{regular0:"AaJueXingHei-80J-2", bold0:"AaJueXingHei-80J-2"}, timestamp:1777641637888})
({sessionId:"2cdb9a", runId:"font-dropdown-debug", hypothesisId:"H4", location:"import_panel.jsx:btnSaveDefaults.onClick", message:"save defaults click snapshot", data:{regularSelIndex:0, boldSelIndex:0, regularSelText:"AaJueXingHei-80J-2 | -", boldSelText:"无（仿加粗）"}, timestamp:1777641638038})
({sessionId:"2cdb9a", runId:"font-dropdown-debug", hypothesisId:"H4", location:"import_panel.jsx:btnSaveDefaults.onClick", message:"save defaults after readCfgInputs", data:{regular0:"AaJueXingHei-80J-2", bold0:"AaJueXingHei-80J-2"}, timestamp:1777641638038})
({sessionId:"2cdb9a", runId:"font-dropdown-debug", hypothesisId:"H6", location:"import_panel.jsx:w.onActivate", message:"window activate snapshot", data:{programmaticFlag:false, regularSelIndex:0, boldSelIndex:0, regularSelText:"AaJueXingHei-80J-2 | -", boldSelText:"无（仿加粗）"}, timestamp:1777641642149})
({sessionId:"2cdb9a", runId:"font-dropdown-debug", hypothesisId:"H6", location:"import_panel.jsx:w.onActivate", message:"window activate snapshot", data:{programmaticFlag:false, regularSelIndex:0, boldSelIndex:0, regularSelText:"AaJueXingHei-80J-2 | -", boldSelText:"无（仿加粗）"}, timestamp:1777641642151})
({sessionId:"2cdb9a", runId:"font-dropdown-debug", hypothesisId:"H6", location:"import_panel.jsx:w.onActivate", message:"window activate snapshot", data:{programmaticFlag:false, regularSelIndex:0, boldSelIndex:0, regularSelText:"AaJueXingHei-80J-2 | -", boldSelText:"无（仿加粗）"}, timestamp:1777641642158})
({sessionId:"2cdb9a", runId:"font-dropdown-debug", hypothesisId:"H6", location:"import_panel.jsx:w.onActivate", message:"window activate snapshot", data:{programmaticFlag:false, regularSelIndex:0, boldSelIndex:0, regularSelText:"AaJueXingHei-80J-2 | -", boldSelText:"无（仿加粗）"}, timestamp:1777641642159})
({sessionId:"2cdb9a", runId:"font-dropdown-debug", hypothesisId:"H5", location:"import_to_photoshop.jsx:insertBubbleParagraphCEP", message:"loaded cfg font candidates", data:{regular0:"AaJueXingHei-80J-2", bold0:"AaJueXingHei-80J-2", fontHasRealBold:false, settingsPath:"C:\\Users\\whhai\\Documents\\GitHub\\word-to-photoshop\\settings.json"}, timestamp:1777641646962})
({sessionId:"2cdb9a", runId:"font-dropdown-debug", hypothesisId:"H5", location:"import_to_photoshop.jsx:insertBubbleParagraphCEP", message:"loaded cfg font candidates", data:{regular0:"AaJueXingHei-80J-2", bold0:"AaJueXingHei-80J-2", fontHasRealBold:false, settingsPath:"C:\\Users\\whhai\\Documents\\GitHub\\word-to-photoshop\\settings.json"}, timestamp:1777641652897})
