({sessionId:"cf76a1", runId:"font-dropdown-debug", hypothesisId:"H6", location:"import_panel.jsx:w.onActivate", message:"window activate snapshot", data:{programmaticFlag:false, regularSelIndex:0, boldSelIndex:0, regularSelText:"AaJueXingHei-80J-2 | -", boldSelText:"无（仿加粗）"}, timestamp:1777644030767})
({sessionId:"cf76a1", runId:"font-dropdown-debug", hypothesisId:"H6", location:"import_panel.jsx:w.onActivate", message:"window activate snapshot", data:{programmaticFlag:false, regularSelIndex:0, boldSelIndex:0, regularSelText:"AaJueXingHei-80J-2 | -", boldSelText:"无（仿加粗）"}, timestamp:1777644030769})
({sessionId:"cf76a1", runId:"font-dropdown-debug", hypothesisId:"H6", location:"import_panel.jsx:w.onActivate", message:"window activate snapshot", data:{programmaticFlag:false, regularSelIndex:14, boldSelIndex:0, regularSelText:"AlibabaPuHuiTi-3-105-Heavy | -", boldSelText:"无（仿加粗）"}, timestamp:1777647181239})
({sessionId:"cf76a1", runId:"font-dropdown-debug", hypothesisId:"H6", location:"import_panel.jsx:w.onActivate", message:"window activate snapshot", data:{programmaticFlag:false, regularSelIndex:14, boldSelIndex:0, regularSelText:"AlibabaPuHuiTi-3-105-Heavy | -", boldSelText:"无（仿加粗）"}, timestamp:1777647181241})
({sessionId:"cf76a1", runId:"font-dropdown-debug", hypothesisId:"H6", location:"import_panel.jsx:w.onActivate", message:"window activate snapshot", data:{programmaticFlag:false, regularSelIndex:35, boldSelIndex:0, regularSelText:"ARIALNB | -", boldSelText:"无（仿加粗）"}, timestamp:1777647181245})
({sessionId:"cf76a1", runId:"font-dropdown-debug", hypothesisId:"H6", location:"import_panel.jsx:w.onActivate", message:"window activate snapshot", data:{programmaticFlag:false, regularSelIndex:35, boldSelIndex:0, regularSelText:"ARIALNB | -", boldSelText:"无（仿加粗）"}, timestamp:1777647181247})
({sessionId:"cf76a1", runId:"font-dropdown-debug", hypothesisId:"H6", location:"import_panel.jsx:w.onActivate", message:"window activate snapshot", data:{programmaticFlag:false, regularSelIndex:35, boldSelIndex:0, regularSelText:"ARIALNB | -", boldSelText:"无（仿加粗）"}, timestamp:1777647181259})
({sessionId:"cf76a1", runId:"font-dropdown-debug", hypothesisId:"H6", location:"import_panel.jsx:w.onActivate", message:"window activate snapshot", data:{programmaticFlag:false, regularSelIndex:35, boldSelIndex:0, regularSelText:"ARIALNB | -", boldSelText:"无（仿加粗）"}, timestamp:1777647181260})
({sessionId:"cf76a1", runId:"font-dropdown-debug", hypothesisId:"H6", location:"import_panel.jsx:w.onActivate", message:"window activate snapshot", data:{programmaticFlag:false, regularSelIndex:14, boldSelIndex:0, regularSelText:"AlibabaPuHuiTi-3-105-Heavy | -", boldSelText:"无（仿加粗）"}, timestamp:1777647186668})
({sessionId:"cf76a1", runId:"font-dropdown-debug", hypothesisId:"H6", location:"import_panel.jsx:w.onActivate", message:"window activate snapshot", data:{programmaticFlag:false, regularSelIndex:14, boldSelIndex:0, regularSelText:"AlibabaPuHuiTi-3-105-Heavy | -", boldSelText:"无（仿加粗）"}, timestamp:1777647186668})
({sessionId:"cf76a1", runId:"font-dropdown-debug", hypothesisId:"H6", location:"import_panel.jsx:w.onActivate", message:"window activate snapshot", data:{programmaticFlag:false, regularSelIndex:35, boldSelIndex:0, regularSelText:"ARIALNB | -", boldSelText:"无（仿加粗）"}, timestamp:1777647186673})
({sessionId:"cf76a1", runId:"font-dropdown-debug", hypothesisId:"H6", location:"import_panel.jsx:w.onActivate", message:"window activate snapshot", data:{programmaticFlag:false, regularSelIndex:35, boldSelIndex:0, regularSelText:"ARIALNB | -", boldSelText:"无（仿加粗）"}, timestamp:1777647186673})
({sessionId:"cf76a1", runId:"font-dropdown-debug", hypothesisId:"H6", location:"import_panel.jsx:w.onActivate", message:"window activate snapshot", data:{programmaticFlag:false, regularSelIndex:14, boldSelIndex:0, regularSelText:"AlibabaPuHuiTi-3-105-Heavy | -", boldSelText:"无（仿加粗）"}, timestamp:1777647357708})
({sessionId:"cf76a1", runId:"font-dropdown-debug", hypothesisId:"H6", location:"import_panel.jsx:w.onActivate", message:"window activate snapshot", data:{programmaticFlag:false, regularSelIndex:14, boldSelIndex:0, regularSelText:"AlibabaPuHuiTi-3-105-Heavy | -", boldSelText:"无（仿加粗）"}, timestamp:1777647357710})
({sessionId:"cf76a1", runId:"font-dropdown-debug", hypothesisId:"H6", location:"import_panel.jsx:w.onActivate", message:"window activate snapshot", data:{programmaticFlag:false, regularSelIndex:35, boldSelIndex:0, regularSelText:"ARIALNB | -", boldSelText:"无（仿加粗）"}, timestamp:1777647357712})
({sessionId:"cf76a1", runId:"font-dropdown-debug", hypothesisId:"H6", location:"import_panel.jsx:w.onActivate", message:"window activate snapshot", data:{programmaticFlag:false, regularSelIndex:35, boldSelIndex:0, regularSelText:"ARIALNB | -", boldSelText:"无（仿加粗）"}, timestamp:1777647357713})
({sessionId:"cf76a1", runId:"font-dropdown-debug", hypothesisId:"H6", location:"import_panel.jsx:w.onActivate", message:"window activate snapshot", data:{programmaticFlag:false, regularSelIndex:14, boldSelIndex:0, regularSelText:"AlibabaPuHuiTi-3-105-Heavy | -", boldSelText:"无（仿加粗）"}, timestamp:1777647530534})
({sessionId:"cf76a1", runId:"font-dropdown-debug", hypothesisId:"H6", location:"import_panel.jsx:w.onActivate", message:"window activate snapshot", data:{programmaticFlag:false, regularSelIndex:14, boldSelIndex:0, regularSelText:"AlibabaPuHuiTi-3-105-Heavy | -", boldSelText:"无（仿加粗）"}, timestamp:1777647530534})
({sessionId:"cf76a1", runId:"font-dropdown-debug", hypothesisId:"H6", location:"import_panel.jsx:w.onActivate", message:"window activate snapshot", data:{programmaticFlag:false, regularSelIndex:35, boldSelIndex:0, regularSelText:"ARIALNB | -", boldSelText:"无（仿加粗）"}, timestamp:1777647530536})
({sessionId:"cf76a1", runId:"font-dropdown-debug", hypothesisId:"H6", location:"import_panel.jsx:w.onActivate", message:"window activate snapshot", data:{programmaticFlag:false, regularSelIndex:35, boldSelIndex:0, regularSelText:"ARIALNB | -", boldSelText:"无（仿加粗）"}, timestamp:1777647530537})
({sessionId:"cf76a1", runId:"font-dropdown-debug", hypothesisId:"H6", location:"import_panel.jsx:w.onActivate", message:"window activate snapshot", data:{programmaticFlag:false, regularSelIndex:14, boldSelIndex:0, regularSelText:"AlibabaPuHuiTi-3-105-Heavy | -", boldSelText:"无（仿加粗）"}, timestamp:1777647533929})
({sessionId:"cf76a1", runId:"font-dropdown-debug", hypothesisId:"H6", location:"import_panel.jsx:w.onActivate", message:"window activate snapshot", data:{programmaticFlag:false, regularSelIndex:14, boldSelIndex:0, regularSelText:"AlibabaPuHuiTi-3-105-Heavy | -", boldSelText:"无（仿加粗）"}, timestamp:1777647533931})
({sessionId:"cf76a1", runId:"font-dropdown-debug", hypothesisId:"H6", location:"import_panel.jsx:w.onActivate", message:"window activate snapshot", data:{programmaticFlag:false, regularSelIndex:35, boldSelIndex:0, regularSelText:"ARIALNB | -", boldSelText:"无（仿加粗）"}, timestamp:1777647533933})
({sessionId:"cf76a1", runId:"font-dropdown-debug", hypothesisId:"H6", location:"import_panel.jsx:w.onActivate", message:"window activate snapshot", data:{programmaticFlag:false, regularSelIndex:35, boldSelIndex:0, regularSelText:"ARIALNB | -", boldSelText:"无（仿加粗）"}, timestamp:1777647533934})
({sessionId:"cf76a1", runId:"font-dropdown-debug", hypothesisId:"H6", location:"import_panel.jsx:w.onActivate", message:"window activate snapshot", data:{programmaticFlag:false, regularSelIndex:14, boldSelIndex:0, regularSelText:"AlibabaPuHuiTi-3-105-Heavy | -", boldSelText:"无（仿加粗）"}, timestamp:1777647932120})
({sessionId:"cf76a1", runId:"font-dropdown-debug", hypothesisId:"H6", location:"import_panel.jsx:w.onActivate", message:"window activate snapshot", data:{programmaticFlag:false, regularSelIndex:14, boldSelIndex:0, regularSelText:"AlibabaPuHuiTi-3-105-Heavy | -", boldSelText:"无（仿加粗）"}, timestamp:1777647932122})
({sessionId:"cf76a1", runId:"font-dropdown-debug", hypothesisId:"H6", location:"import_panel.jsx:w.onActivate", message:"window activate snapshot", data:{programmaticFlag:false, regularSelIndex:35, boldSelIndex:0, regularSelText:"ARIALNB | -", boldSelText:"无（仿加粗）"}, timestamp:1777647932127})
({sessionId:"cf76a1", runId:"font-dropdown-debug", hypothesisId:"H6", location:"import_panel.jsx:w.onActivate", message:"window activate snapshot", data:{programmaticFlag:false, regularSelIndex:35, boldSelIndex:0, regularSelText:"ARIALNB | -", boldSelText:"无（仿加粗）"}, timestamp:1777647932128})
({sessionId:"cf76a1", runId:"font-dropdown-debug", hypothesisId:"H1", location:"import_panel.jsx:refreshFontDropdownsFromProject", message:"font list collected", data:{reason:"writeCfgInputs", total:1387, sample0:{family:"AaJueXingHei-80J-2", style:"", ps:"AaJueXingHei-80J-2"}}, timestamp:1777647933599})
({sessionId:"cf76a1", runId:"font-dropdown-debug", hypothesisId:"H2", location:"import_panel.jsx:ddRegularFont.onChange", message:"onChange fired", data:{source:"programmatic", enabled:true, hasSelection:true, selIndex:35, entries:1387}, timestamp:1777647933660})
({sessionId:"cf76a1", runId:"font-dropdown-debug", hypothesisId:"H2", location:"import_panel.jsx:ddBoldFont.onChange", message:"onChange fired", data:{source:"programmatic", hasSelection:true, selIndex:0}, timestamp:1777647933725})
({sessionId:"cf76a1", runId:"font-dropdown-debug", hypothesisId:"H7", location:"import_panel.jsx:refreshFontDropdownsFromProject", message:"programmatic flag reset", data:{reason:"writeCfgInputs", programmaticFlag:false}, timestamp:1777647933734})
({sessionId:"cf76a1", runId:"font-dropdown-debug", hypothesisId:"H5", location:"import_panel.jsx:updateFontPickedLabels", message:"labels refreshed from cfg", data:{regularLabel:"当前: ARIALNB | -", boldLabel:"当前: 无（仿加粗）", regular0:"ARIALNB", bold0:"ARIALNB", regularDisplayLabel:"ARIALNB | -", boldDisplayLabel:"ARIALNB | -", hasRealBold:false}, timestamp:1777647933734})
({sessionId:"cf76a1", runId:"font-dropdown-debug", hypothesisId:"H6", location:"import_panel.jsx:w.onActivate", message:"window activate snapshot", data:{programmaticFlag:false, regularSelIndex:35, boldSelIndex:0, regularSelText:"ARIALNB | -", boldSelText:"无（仿加粗）"}, timestamp:1777647933766})
({sessionId:"cf76a1", runId:"font-dropdown-debug", hypothesisId:"H6", location:"import_panel.jsx:w.onActivate", message:"window activate snapshot", data:{programmaticFlag:false, regularSelIndex:35, boldSelIndex:0, regularSelText:"ARIALNB | -", boldSelText:"无（仿加粗）"}, timestamp:1777647933767})
({sessionId:"cf76a1", runId:"font-dropdown-debug", hypothesisId:"H6", location:"import_panel.jsx:w.onActivate", message:"window activate snapshot", data:{programmaticFlag:false, regularSelIndex:35, boldSelIndex:0, regularSelText:"ARIALNB | -", boldSelText:"无（仿加粗）"}, timestamp:1777647933837})
({sessionId:"cf76a1", runId:"font-dropdown-debug", hypothesisId:"H6", location:"import_panel.jsx:w.onActivate", message:"window activate snapshot", data:{programmaticFlag:false, regularSelIndex:35, boldSelIndex:0, regularSelText:"ARIALNB | -", boldSelText:"无（仿加粗）"}, timestamp:1777647933837})
({sessionId:"cf76a1", runId:"font-dropdown-debug", hypothesisId:"H1", location:"import_panel.jsx:refreshFontDropdownsFromProject", message:"font list collected", data:{reason:"writeCfgInputs", total:1387, sample0:{family:"AaJueXingHei-80J-2", style:"", ps:"AaJueXingHei-80J-2"}}, timestamp:1777647934844})
({sessionId:"cf76a1", runId:"font-dropdown-debug", hypothesisId:"H2", location:"import_panel.jsx:ddRegularFont.onChange", message:"onChange fired", data:{source:"programmatic", enabled:true, hasSelection:true, selIndex:35, entries:1387}, timestamp:1777647934910})
({sessionId:"cf76a1", runId:"font-dropdown-debug", hypothesisId:"H2", location:"import_panel.jsx:ddBoldFont.onChange", message:"onChange fired", data:{source:"programmatic", hasSelection:true, selIndex:0}, timestamp:1777647934984})
({sessionId:"cf76a1", runId:"font-dropdown-debug", hypothesisId:"H7", location:"import_panel.jsx:refreshFontDropdownsFromProject", message:"programmatic flag reset", data:{reason:"writeCfgInputs", programmaticFlag:false}, timestamp:1777647934999})
({sessionId:"cf76a1", runId:"font-dropdown-debug", hypothesisId:"H5", location:"import_panel.jsx:updateFontPickedLabels", message:"labels refreshed from cfg", data:{regularLabel:"当前: ARIALNB | -", boldLabel:"当前: 无（仿加粗）", regular0:"ARIALNB", bold0:"ARIALNB", regularDisplayLabel:"ARIALNB | -", boldDisplayLabel:"ARIALNB | -", hasRealBold:false}, timestamp:1777647934999})
({sessionId:"cf76a1", runId:"font-dropdown-debug", hypothesisId:"H6", location:"import_panel.jsx:w.onActivate", message:"window activate snapshot", data:{programmaticFlag:false, regularSelIndex:35, boldSelIndex:0, regularSelText:"ARIALNB | -", boldSelText:"无（仿加粗）"}, timestamp:1777647935020})
({sessionId:"cf76a1", runId:"font-dropdown-debug", hypothesisId:"H6", location:"import_panel.jsx:w.onActivate", message:"window activate snapshot", data:{programmaticFlag:false, regularSelIndex:35, boldSelIndex:0, regularSelText:"ARIALNB | -", boldSelText:"无（仿加粗）"}, timestamp:1777647935020})
({sessionId:"cf76a1", runId:"font-dropdown-debug", hypothesisId:"H6", location:"import_panel.jsx:w.onActivate", message:"window activate snapshot", data:{programmaticFlag:false, regularSelIndex:35, boldSelIndex:0, regularSelText:"ARIALNB | -", boldSelText:"无（仿加粗）"}, timestamp:1777647935094})
({sessionId:"cf76a1", runId:"font-dropdown-debug", hypothesisId:"H6", location:"import_panel.jsx:w.onActivate", message:"window activate snapshot", data:{programmaticFlag:false, regularSelIndex:35, boldSelIndex:0, regularSelText:"ARIALNB | -", boldSelText:"无（仿加粗）"}, timestamp:1777647935094})
({sessionId:"cf76a1", runId:"font-dropdown-debug", hypothesisId:"H1", location:"import_panel.jsx:refreshFontDropdownsFromProject", message:"font list collected", data:{reason:"writeCfgInputs", total:1387, sample0:{family:"AaJueXingHei-80J-2", style:"", ps:"AaJueXingHei-80J-2"}}, timestamp:1777647936112})
({sessionId:"cf76a1", runId:"font-dropdown-debug", hypothesisId:"H2", location:"import_panel.jsx:ddRegularFont.onChange", message:"onChange fired", data:{source:"programmatic", enabled:true, hasSelection:true, selIndex:35, entries:1387}, timestamp:1777647936171})
({sessionId:"cf76a1", runId:"font-dropdown-debug", hypothesisId:"H2", location:"import_panel.jsx:ddBoldFont.onChange", message:"onChange fired", data:{source:"programmatic", hasSelection:true, selIndex:0}, timestamp:1777647936249})
({sessionId:"cf76a1", runId:"font-dropdown-debug", hypothesisId:"H7", location:"import_panel.jsx:refreshFontDropdownsFromProject", message:"programmatic flag reset", data:{reason:"writeCfgInputs", programmaticFlag:false}, timestamp:1777647936254})
({sessionId:"cf76a1", runId:"font-dropdown-debug", hypothesisId:"H5", location:"import_panel.jsx:updateFontPickedLabels", message:"labels refreshed from cfg", data:{regularLabel:"当前: ARIALNB | -", boldLabel:"当前: 无（仿加粗）", regular0:"ARIALNB", bold0:"ARIALNB", regularDisplayLabel:"ARIALNB | -", boldDisplayLabel:"ARIALNB | -", hasRealBold:false}, timestamp:1777647936261})
({sessionId:"cf76a1", runId:"font-dropdown-debug", hypothesisId:"H6", location:"import_panel.jsx:w.onActivate", message:"window activate snapshot", data:{programmaticFlag:false, regularSelIndex:35, boldSelIndex:0, regularSelText:"ARIALNB | -", boldSelText:"无（仿加粗）"}, timestamp:1777647936289})
({sessionId:"cf76a1", runId:"font-dropdown-debug", hypothesisId:"H6", location:"import_panel.jsx:w.onActivate", message:"window activate snapshot", data:{programmaticFlag:false, regularSelIndex:35, boldSelIndex:0, regularSelText:"ARIALNB | -", boldSelText:"无（仿加粗）"}, timestamp:1777647936290})
({sessionId:"cf76a1", runId:"font-dropdown-debug", hypothesisId:"H6", location:"import_panel.jsx:w.onActivate", message:"window activate snapshot", data:{programmaticFlag:false, regularSelIndex:35, boldSelIndex:0, regularSelText:"ARIALNB | -", boldSelText:"无（仿加粗）"}, timestamp:1777647936354})
({sessionId:"cf76a1", runId:"font-dropdown-debug", hypothesisId:"H6", location:"import_panel.jsx:w.onActivate", message:"window activate snapshot", data:{programmaticFlag:false, regularSelIndex:35, boldSelIndex:0, regularSelText:"ARIALNB | -", boldSelText:"无（仿加粗）"}, timestamp:1777647936362})
({sessionId:"cf76a1", runId:"font-dropdown-debug", hypothesisId:"H1", location:"import_panel.jsx:refreshFontDropdownsFromProject", message:"font list collected", data:{reason:"writeCfgInputs", total:1387, sample0:{family:"AaJueXingHei-80J-2", style:"", ps:"AaJueXingHei-80J-2"}}, timestamp:1777647937419})
({sessionId:"cf76a1", runId:"font-dropdown-debug", hypothesisId:"H2", location:"import_panel.jsx:ddRegularFont.onChange", message:"onChange fired", data:{source:"programmatic", enabled:true, hasSelection:true, selIndex:35, entries:1387}, timestamp:1777647937479})
({sessionId:"cf76a1", runId:"font-dropdown-debug", hypothesisId:"H2", location:"import_panel.jsx:ddBoldFont.onChange", message:"onChange fired", data:{source:"programmatic", hasSelection:true, selIndex:0}, timestamp:1777647937555})
({sessionId:"cf76a1", runId:"font-dropdown-debug", hypothesisId:"H7", location:"import_panel.jsx:refreshFontDropdownsFromProject", message:"programmatic flag reset", data:{reason:"writeCfgInputs", programmaticFlag:false}, timestamp:1777647937564})
({sessionId:"cf76a1", runId:"font-dropdown-debug", hypothesisId:"H5", location:"import_panel.jsx:updateFontPickedLabels", message:"labels refreshed from cfg", data:{regularLabel:"当前: ARIALNB | -", boldLabel:"当前: 无（仿加粗）", regular0:"ARIALNB", bold0:"ARIALNB", regularDisplayLabel:"ARIALNB | -", boldDisplayLabel:"ARIALNB | -", hasRealBold:false}, timestamp:1777647937564})
({sessionId:"cf76a1", runId:"font-dropdown-debug", hypothesisId:"H6", location:"import_panel.jsx:w.onActivate", message:"window activate snapshot", data:{programmaticFlag:false, regularSelIndex:35, boldSelIndex:0, regularSelText:"ARIALNB | -", boldSelText:"无（仿加粗）"}, timestamp:1777647937598})
({sessionId:"cf76a1", runId:"font-dropdown-debug", hypothesisId:"H6", location:"import_panel.jsx:w.onActivate", message:"window activate snapshot", data:{programmaticFlag:false, regularSelIndex:35, boldSelIndex:0, regularSelText:"ARIALNB | -", boldSelText:"无（仿加粗）"}, timestamp:1777647937599})
({sessionId:"cf76a1", runId:"font-dropdown-debug", hypothesisId:"H6", location:"import_panel.jsx:w.onActivate", message:"window activate snapshot", data:{programmaticFlag:false, regularSelIndex:35, boldSelIndex:0, regularSelText:"ARIALNB | -", boldSelText:"无（仿加粗）"}, timestamp:1777647937722})
({sessionId:"cf76a1", runId:"font-dropdown-debug", hypothesisId:"H6", location:"import_panel.jsx:w.onActivate", message:"window activate snapshot", data:{programmaticFlag:false, regularSelIndex:35, boldSelIndex:0, regularSelText:"ARIALNB | -", boldSelText:"无（仿加粗）"}, timestamp:1777647937723})
({sessionId:"cf76a1", runId:"font-dropdown-debug", hypothesisId:"H6", location:"import_panel.jsx:w.onActivate", message:"window activate snapshot", data:{programmaticFlag:false, regularSelIndex:14, boldSelIndex:0, regularSelText:"AlibabaPuHuiTi-3-105-Heavy | -", boldSelText:"无（仿加粗）"}, timestamp:1777648021667})
({sessionId:"cf76a1", runId:"font-dropdown-debug", hypothesisId:"H6", location:"import_panel.jsx:w.onActivate", message:"window activate snapshot", data:{programmaticFlag:false, regularSelIndex:14, boldSelIndex:0, regularSelText:"AlibabaPuHuiTi-3-105-Heavy | -", boldSelText:"无（仿加粗）"}, timestamp:1777648021669})
({sessionId:"cf76a1", runId:"font-dropdown-debug", hypothesisId:"H6", location:"import_panel.jsx:w.onActivate", message:"window activate snapshot", data:{programmaticFlag:false, regularSelIndex:35, boldSelIndex:0, regularSelText:"ARIALNB | -", boldSelText:"无（仿加粗）"}, timestamp:1777648021673})
({sessionId:"cf76a1", runId:"font-dropdown-debug", hypothesisId:"H6", location:"import_panel.jsx:w.onActivate", message:"window activate snapshot", data:{programmaticFlag:false, regularSelIndex:35, boldSelIndex:0, regularSelText:"ARIALNB | -", boldSelText:"无（仿加粗）"}, timestamp:1777648021675})
({sessionId:"cf76a1", runId:"font-dropdown-debug", hypothesisId:"H6", location:"import_panel.jsx:w.onActivate", message:"window activate snapshot", data:{programmaticFlag:false, regularSelIndex:35, boldSelIndex:0, regularSelText:"ARIALNB | -", boldSelText:"无（仿加粗）"}, timestamp:1777648021679})
({sessionId:"cf76a1", runId:"font-dropdown-debug", hypothesisId:"H6", location:"import_panel.jsx:w.onActivate", message:"window activate snapshot", data:{programmaticFlag:false, regularSelIndex:35, boldSelIndex:0, regularSelText:"ARIALNB | -", boldSelText:"无（仿加粗）"}, timestamp:1777648021680})
({sessionId:"cf76a1", runId:"font-dropdown-debug", hypothesisId:"H6", location:"import_panel.jsx:w.onActivate", message:"window activate snapshot", data:{programmaticFlag:false, regularSelIndex:35, boldSelIndex:0, regularSelText:"ARIALNB | -", boldSelText:"无（仿加粗）"}, timestamp:1777648021683})
({sessionId:"cf76a1", runId:"font-dropdown-debug", hypothesisId:"H6", location:"import_panel.jsx:w.onActivate", message:"window activate snapshot", data:{programmaticFlag:false, regularSelIndex:35, boldSelIndex:0, regularSelText:"ARIALNB | -", boldSelText:"无（仿加粗）"}, timestamp:1777648021684})
({sessionId:"cf76a1", runId:"font-dropdown-debug", hypothesisId:"H6", location:"import_panel.jsx:w.onActivate", message:"window activate snapshot", data:{programmaticFlag:false, regularSelIndex:35, boldSelIndex:0, regularSelText:"ARIALNB | -", boldSelText:"无（仿加粗）"}, timestamp:1777648021690})
({sessionId:"cf76a1", runId:"font-dropdown-debug", hypothesisId:"H6", location:"import_panel.jsx:w.onActivate", message:"window activate snapshot", data:{programmaticFlag:false, regularSelIndex:35, boldSelIndex:0, regularSelText:"ARIALNB | -", boldSelText:"无（仿加粗）"}, timestamp:1777648021691})
({sessionId:"cf76a1", runId:"font-dropdown-debug", hypothesisId:"H6", location:"import_panel.jsx:w.onActivate", message:"window activate snapshot", data:{programmaticFlag:false, regularSelIndex:35, boldSelIndex:0, regularSelText:"ARIALNB | -", boldSelText:"无（仿加粗）"}, timestamp:1777648021694})
({sessionId:"cf76a1", runId:"font-dropdown-debug", hypothesisId:"H6", location:"import_panel.jsx:w.onActivate", message:"window activate snapshot", data:{programmaticFlag:false, regularSelIndex:35, boldSelIndex:0, regularSelText:"ARIALNB | -", boldSelText:"无（仿加粗）"}, timestamp:1777648021694})
({sessionId:"cf76a1", runId:"font-dropdown-debug", hypothesisId:"H6", location:"import_panel.jsx:w.onActivate", message:"window activate snapshot", data:{programmaticFlag:false, regularSelIndex:35, boldSelIndex:0, regularSelText:"ARIALNB | -", boldSelText:"无（仿加粗）"}, timestamp:1777648021703})
({sessionId:"cf76a1", runId:"font-dropdown-debug", hypothesisId:"H6", location:"import_panel.jsx:w.onActivate", message:"window activate snapshot", data:{programmaticFlag:false, regularSelIndex:35, boldSelIndex:0, regularSelText:"ARIALNB | -", boldSelText:"无（仿加粗）"}, timestamp:1777648021703})
({sessionId:"cf76a1", runId:"font-dropdown-debug", hypothesisId:"H6", location:"import_panel.jsx:w.onActivate", message:"window activate snapshot", data:{programmaticFlag:false, regularSelIndex:14, boldSelIndex:0, regularSelText:"AlibabaPuHuiTi-3-105-Heavy | -", boldSelText:"无（仿加粗）"}, timestamp:1777648024549})
({sessionId:"cf76a1", runId:"font-dropdown-debug", hypothesisId:"H6", location:"import_panel.jsx:w.onActivate", message:"window activate snapshot", data:{programmaticFlag:false, regularSelIndex:14, boldSelIndex:0, regularSelText:"AlibabaPuHuiTi-3-105-Heavy | -", boldSelText:"无（仿加粗）"}, timestamp:1777648024554})
({sessionId:"cf76a1", runId:"font-dropdown-debug", hypothesisId:"H6", location:"import_panel.jsx:w.onActivate", message:"window activate snapshot", data:{programmaticFlag:false, regularSelIndex:35, boldSelIndex:0, regularSelText:"ARIALNB | -", boldSelText:"无（仿加粗）"}, timestamp:1777648024554})
({sessionId:"cf76a1", runId:"font-dropdown-debug", hypothesisId:"H6", location:"import_panel.jsx:w.onActivate", message:"window activate snapshot", data:{programmaticFlag:false, regularSelIndex:35, boldSelIndex:0, regularSelText:"ARIALNB | -", boldSelText:"无（仿加粗）"}, timestamp:1777648024554})
({sessionId:"cf76a1", runId:"font-dropdown-debug", hypothesisId:"H6", location:"import_panel.jsx:w.onActivate", message:"window activate snapshot", data:{programmaticFlag:false, regularSelIndex:35, boldSelIndex:0, regularSelText:"ARIALNB | -", boldSelText:"无（仿加粗）"}, timestamp:1777648024557})
({sessionId:"cf76a1", runId:"font-dropdown-debug", hypothesisId:"H6", location:"import_panel.jsx:w.onActivate", message:"window activate snapshot", data:{programmaticFlag:false, regularSelIndex:35, boldSelIndex:0, regularSelText:"ARIALNB | -", boldSelText:"无（仿加粗）"}, timestamp:1777648024557})
({sessionId:"cf76a1", runId:"font-dropdown-debug", hypothesisId:"H6", location:"import_panel.jsx:w.onActivate", message:"window activate snapshot", data:{programmaticFlag:false, regularSelIndex:35, boldSelIndex:0, regularSelText:"ARIALNB | -", boldSelText:"无（仿加粗）"}, timestamp:1777648024565})
({sessionId:"cf76a1", runId:"font-dropdown-debug", hypothesisId:"H6", location:"import_panel.jsx:w.onActivate", message:"window activate snapshot", data:{programmaticFlag:false, regularSelIndex:35, boldSelIndex:0, regularSelText:"ARIALNB | -", boldSelText:"无（仿加粗）"}, timestamp:1777648024565})
({sessionId:"cf76a1", runId:"font-dropdown-debug", hypothesisId:"H6", location:"import_panel.jsx:w.onActivate", message:"window activate snapshot", data:{programmaticFlag:false, regularSelIndex:35, boldSelIndex:0, regularSelText:"ARIALNB | -", boldSelText:"无（仿加粗）"}, timestamp:1777648024565})
({sessionId:"cf76a1", runId:"font-dropdown-debug", hypothesisId:"H6", location:"import_panel.jsx:w.onActivate", message:"window activate snapshot", data:{programmaticFlag:false, regularSelIndex:35, boldSelIndex:0, regularSelText:"ARIALNB | -", boldSelText:"无（仿加粗）"}, timestamp:1777648024565})
({sessionId:"cf76a1", runId:"font-dropdown-debug", hypothesisId:"H6", location:"import_panel.jsx:w.onActivate", message:"window activate snapshot", data:{programmaticFlag:false, regularSelIndex:35, boldSelIndex:0, regularSelText:"ARIALNB | -", boldSelText:"无（仿加粗）"}, timestamp:1777648024576})
({sessionId:"cf76a1", runId:"font-dropdown-debug", hypothesisId:"H6", location:"import_panel.jsx:w.onActivate", message:"window activate snapshot", data:{programmaticFlag:false, regularSelIndex:35, boldSelIndex:0, regularSelText:"ARIALNB | -", boldSelText:"无（仿加粗）"}, timestamp:1777648024576})
({sessionId:"cf76a1", runId:"font-dropdown-debug", hypothesisId:"H6", location:"import_panel.jsx:w.onActivate", message:"window activate snapshot", data:{programmaticFlag:false, regularSelIndex:35, boldSelIndex:0, regularSelText:"ARIALNB | -", boldSelText:"无（仿加粗）"}, timestamp:1777648024584})
({sessionId:"cf76a1", runId:"font-dropdown-debug", hypothesisId:"H6", location:"import_panel.jsx:w.onActivate", message:"window activate snapshot", data:{programmaticFlag:false, regularSelIndex:35, boldSelIndex:0, regularSelText:"ARIALNB | -", boldSelText:"无（仿加粗）"}, timestamp:1777648024584})
({sessionId:"cf76a1", runId:"font-dropdown-debug", hypothesisId:"H6", location:"import_panel.jsx:w.onActivate", message:"window activate snapshot", data:{programmaticFlag:false, regularSelIndex:14, boldSelIndex:0, regularSelText:"AlibabaPuHuiTi-3-105-Heavy | -", boldSelText:"无（仿加粗）"}, timestamp:1777648069241})
({sessionId:"cf76a1", runId:"font-dropdown-debug", hypothesisId:"H6", location:"import_panel.jsx:w.onActivate", message:"window activate snapshot", data:{programmaticFlag:false, regularSelIndex:14, boldSelIndex:0, regularSelText:"AlibabaPuHuiTi-3-105-Heavy | -", boldSelText:"无（仿加粗）"}, timestamp:1777648069242})
({sessionId:"cf76a1", runId:"font-dropdown-debug", hypothesisId:"H6", location:"import_panel.jsx:w.onActivate", message:"window activate snapshot", data:{programmaticFlag:false, regularSelIndex:35, boldSelIndex:0, regularSelText:"ARIALNB | -", boldSelText:"无（仿加粗）"}, timestamp:1777648069247})
({sessionId:"cf76a1", runId:"font-dropdown-debug", hypothesisId:"H6", location:"import_panel.jsx:w.onActivate", message:"window activate snapshot", data:{programmaticFlag:false, regularSelIndex:35, boldSelIndex:0, regularSelText:"ARIALNB | -", boldSelText:"无（仿加粗）"}, timestamp:1777648069248})
({sessionId:"cf76a1", runId:"font-dropdown-debug", hypothesisId:"H6", location:"import_panel.jsx:w.onActivate", message:"window activate snapshot", data:{programmaticFlag:false, regularSelIndex:35, boldSelIndex:0, regularSelText:"ARIALNB | -", boldSelText:"无（仿加粗）"}, timestamp:1777648069253})
({sessionId:"cf76a1", runId:"font-dropdown-debug", hypothesisId:"H6", location:"import_panel.jsx:w.onActivate", message:"window activate snapshot", data:{programmaticFlag:false, regularSelIndex:35, boldSelIndex:0, regularSelText:"ARIALNB | -", boldSelText:"无（仿加粗）"}, timestamp:1777648069254})
({sessionId:"cf76a1", runId:"font-dropdown-debug", hypothesisId:"H6", location:"import_panel.jsx:w.onActivate", message:"window activate snapshot", data:{programmaticFlag:false, regularSelIndex:35, boldSelIndex:0, regularSelText:"ARIALNB | -", boldSelText:"无（仿加粗）"}, timestamp:1777648069257})
({sessionId:"cf76a1", runId:"font-dropdown-debug", hypothesisId:"H6", location:"import_panel.jsx:w.onActivate", message:"window activate snapshot", data:{programmaticFlag:false, regularSelIndex:35, boldSelIndex:0, regularSelText:"ARIALNB | -", boldSelText:"无（仿加粗）"}, timestamp:1777648069257})
({sessionId:"cf76a1", runId:"font-dropdown-debug", hypothesisId:"H6", location:"import_panel.jsx:w.onActivate", message:"window activate snapshot", data:{programmaticFlag:false, regularSelIndex:35, boldSelIndex:0, regularSelText:"ARIALNB | -", boldSelText:"无（仿加粗）"}, timestamp:1777648069261})
({sessionId:"cf76a1", runId:"font-dropdown-debug", hypothesisId:"H6", location:"import_panel.jsx:w.onActivate", message:"window activate snapshot", data:{programmaticFlag:false, regularSelIndex:35, boldSelIndex:0, regularSelText:"ARIALNB | -", boldSelText:"无（仿加粗）"}, timestamp:1777648069262})
({sessionId:"cf76a1", runId:"font-dropdown-debug", hypothesisId:"H6", location:"import_panel.jsx:w.onActivate", message:"window activate snapshot", data:{programmaticFlag:false, regularSelIndex:35, boldSelIndex:0, regularSelText:"ARIALNB | -", boldSelText:"无（仿加粗）"}, timestamp:1777648069264})
({sessionId:"cf76a1", runId:"font-dropdown-debug", hypothesisId:"H6", location:"import_panel.jsx:w.onActivate", message:"window activate snapshot", data:{programmaticFlag:false, regularSelIndex:35, boldSelIndex:0, regularSelText:"ARIALNB | -", boldSelText:"无（仿加粗）"}, timestamp:1777648069265})
({sessionId:"cf76a1", runId:"font-dropdown-debug", hypothesisId:"H6", location:"import_panel.jsx:w.onActivate", message:"window activate snapshot", data:{programmaticFlag:false, regularSelIndex:35, boldSelIndex:0, regularSelText:"ARIALNB | -", boldSelText:"无（仿加粗）"}, timestamp:1777648069272})
({sessionId:"cf76a1", runId:"font-dropdown-debug", hypothesisId:"H6", location:"import_panel.jsx:w.onActivate", message:"window activate snapshot", data:{programmaticFlag:false, regularSelIndex:35, boldSelIndex:0, regularSelText:"ARIALNB | -", boldSelText:"无（仿加粗）"}, timestamp:1777648069274})
({sessionId:"cf76a1", runId:"font-dropdown-debug", hypothesisId:"H6", location:"import_panel.jsx:w.onActivate", message:"window activate snapshot", data:{programmaticFlag:false, regularSelIndex:14, boldSelIndex:0, regularSelText:"AlibabaPuHuiTi-3-105-Heavy | -", boldSelText:"无（仿加粗）"}, timestamp:1777648089301})
({sessionId:"cf76a1", runId:"font-dropdown-debug", hypothesisId:"H6", location:"import_panel.jsx:w.onActivate", message:"window activate snapshot", data:{programmaticFlag:false, regularSelIndex:14, boldSelIndex:0, regularSelText:"AlibabaPuHuiTi-3-105-Heavy | -", boldSelText:"无（仿加粗）"}, timestamp:1777648089301})
({sessionId:"cf76a1", runId:"font-dropdown-debug", hypothesisId:"H6", location:"import_panel.jsx:w.onActivate", message:"window activate snapshot", data:{programmaticFlag:false, regularSelIndex:35, boldSelIndex:0, regularSelText:"ARIALNB | -", boldSelText:"无（仿加粗）"}, timestamp:1777648089304})
({sessionId:"cf76a1", runId:"font-dropdown-debug", hypothesisId:"H6", location:"import_panel.jsx:w.onActivate", message:"window activate snapshot", data:{programmaticFlag:false, regularSelIndex:35, boldSelIndex:0, regularSelText:"ARIALNB | -", boldSelText:"无（仿加粗）"}, timestamp:1777648089304})
({sessionId:"cf76a1", runId:"font-dropdown-debug", hypothesisId:"H6", location:"import_panel.jsx:w.onActivate", message:"window activate snapshot", data:{programmaticFlag:false, regularSelIndex:35, boldSelIndex:0, regularSelText:"ARIALNB | -", boldSelText:"无（仿加粗）"}, timestamp:1777648089309})
({sessionId:"cf76a1", runId:"font-dropdown-debug", hypothesisId:"H6", location:"import_panel.jsx:w.onActivate", message:"window activate snapshot", data:{programmaticFlag:false, regularSelIndex:35, boldSelIndex:0, regularSelText:"ARIALNB | -", boldSelText:"无（仿加粗）"}, timestamp:1777648089309})
({sessionId:"cf76a1", runId:"font-dropdown-debug", hypothesisId:"H6", location:"import_panel.jsx:w.onActivate", message:"window activate snapshot", data:{programmaticFlag:false, regularSelIndex:35, boldSelIndex:0, regularSelText:"ARIALNB | -", boldSelText:"无（仿加粗）"}, timestamp:1777648089309})
({sessionId:"cf76a1", runId:"font-dropdown-debug", hypothesisId:"H6", location:"import_panel.jsx:w.onActivate", message:"window activate snapshot", data:{programmaticFlag:false, regularSelIndex:35, boldSelIndex:0, regularSelText:"ARIALNB | -", boldSelText:"无（仿加粗）"}, timestamp:1777648089309})
({sessionId:"cf76a1", runId:"font-dropdown-debug", hypothesisId:"H6", location:"import_panel.jsx:w.onActivate", message:"window activate snapshot", data:{programmaticFlag:false, regularSelIndex:35, boldSelIndex:0, regularSelText:"ARIALNB | -", boldSelText:"无（仿加粗）"}, timestamp:1777648089315})
({sessionId:"cf76a1", runId:"font-dropdown-debug", hypothesisId:"H6", location:"import_panel.jsx:w.onActivate", message:"window activate snapshot", data:{programmaticFlag:false, regularSelIndex:35, boldSelIndex:0, regularSelText:"ARIALNB | -", boldSelText:"无（仿加粗）"}, timestamp:1777648089317})
({sessionId:"cf76a1", runId:"font-dropdown-debug", hypothesisId:"H6", location:"import_panel.jsx:w.onActivate", message:"window activate snapshot", data:{programmaticFlag:false, regularSelIndex:35, boldSelIndex:0, regularSelText:"ARIALNB | -", boldSelText:"无（仿加粗）"}, timestamp:1777648089317})
({sessionId:"cf76a1", runId:"font-dropdown-debug", hypothesisId:"H6", location:"import_panel.jsx:w.onActivate", message:"window activate snapshot", data:{programmaticFlag:false, regularSelIndex:35, boldSelIndex:0, regularSelText:"ARIALNB | -", boldSelText:"无（仿加粗）"}, timestamp:1777648089317})
({sessionId:"cf76a1", runId:"font-dropdown-debug", hypothesisId:"H6", location:"import_panel.jsx:w.onActivate", message:"window activate snapshot", data:{programmaticFlag:false, regularSelIndex:14, boldSelIndex:0, regularSelText:"AlibabaPuHuiTi-3-105-Heavy | -", boldSelText:"无（仿加粗）"}, timestamp:1777648371359})
({sessionId:"cf76a1", runId:"font-dropdown-debug", hypothesisId:"H6", location:"import_panel.jsx:w.onActivate", message:"window activate snapshot", data:{programmaticFlag:false, regularSelIndex:14, boldSelIndex:0, regularSelText:"AlibabaPuHuiTi-3-105-Heavy | -", boldSelText:"无（仿加粗）"}, timestamp:1777648371361})
({sessionId:"cf76a1", runId:"font-dropdown-debug", hypothesisId:"H6", location:"import_panel.jsx:w.onActivate", message:"window activate snapshot", data:{programmaticFlag:false, regularSelIndex:35, boldSelIndex:0, regularSelText:"ARIALNB | -", boldSelText:"无（仿加粗）"}, timestamp:1777648371365})
({sessionId:"cf76a1", runId:"font-dropdown-debug", hypothesisId:"H6", location:"import_panel.jsx:w.onActivate", message:"window activate snapshot", data:{programmaticFlag:false, regularSelIndex:35, boldSelIndex:0, regularSelText:"ARIALNB | -", boldSelText:"无（仿加粗）"}, timestamp:1777648371368})
({sessionId:"cf76a1", runId:"font-dropdown-debug", hypothesisId:"H6", location:"import_panel.jsx:w.onActivate", message:"window activate snapshot", data:{programmaticFlag:false, regularSelIndex:35, boldSelIndex:0, regularSelText:"ARIALNB | -", boldSelText:"无（仿加粗）"}, timestamp:1777648371372})
({sessionId:"cf76a1", runId:"font-dropdown-debug", hypothesisId:"H6", location:"import_panel.jsx:w.onActivate", message:"window activate snapshot", data:{programmaticFlag:false, regularSelIndex:35, boldSelIndex:0, regularSelText:"ARIALNB | -", boldSelText:"无（仿加粗）"}, timestamp:1777648371374})
({sessionId:"cf76a1", runId:"font-dropdown-debug", hypothesisId:"H6", location:"import_panel.jsx:w.onActivate", message:"window activate snapshot", data:{programmaticFlag:false, regularSelIndex:35, boldSelIndex:0, regularSelText:"ARIALNB | -", boldSelText:"无（仿加粗）"}, timestamp:1777648371377})
({sessionId:"cf76a1", runId:"font-dropdown-debug", hypothesisId:"H6", location:"import_panel.jsx:w.onActivate", message:"window activate snapshot", data:{programmaticFlag:false, regularSelIndex:35, boldSelIndex:0, regularSelText:"ARIALNB | -", boldSelText:"无（仿加粗）"}, timestamp:1777648371380})
({sessionId:"cf76a1", runId:"font-dropdown-debug", hypothesisId:"H6", location:"import_panel.jsx:w.onActivate", message:"window activate snapshot", data:{programmaticFlag:false, regularSelIndex:35, boldSelIndex:0, regularSelText:"ARIALNB | -", boldSelText:"无（仿加粗）"}, timestamp:1777648371383})
({sessionId:"cf76a1", runId:"font-dropdown-debug", hypothesisId:"H6", location:"import_panel.jsx:w.onActivate", message:"window activate snapshot", data:{programmaticFlag:false, regularSelIndex:35, boldSelIndex:0, regularSelText:"ARIALNB | -", boldSelText:"无（仿加粗）"}, timestamp:1777648371384})
({sessionId:"cf76a1", runId:"font-dropdown-debug", hypothesisId:"H6", location:"import_panel.jsx:w.onActivate", message:"window activate snapshot", data:{programmaticFlag:false, regularSelIndex:35, boldSelIndex:0, regularSelText:"ARIALNB | -", boldSelText:"无（仿加粗）"}, timestamp:1777648371388})
({sessionId:"cf76a1", runId:"font-dropdown-debug", hypothesisId:"H6", location:"import_panel.jsx:w.onActivate", message:"window activate snapshot", data:{programmaticFlag:false, regularSelIndex:35, boldSelIndex:0, regularSelText:"ARIALNB | -", boldSelText:"无（仿加粗）"}, timestamp:1777648371389})
({sessionId:"cf76a1", runId:"font-dropdown-debug", hypothesisId:"H1", location:"import_panel.jsx:refreshFontDropdownsFromProject", message:"font list collected", data:{reason:"writeCfgInputs", total:1387, sample0:{family:"AaJueXingHei-80J-2", style:"", ps:"AaJueXingHei-80J-2"}}, timestamp:1777648376356})
({sessionId:"cf76a1", runId:"font-dropdown-debug", hypothesisId:"H2", location:"import_panel.jsx:ddRegularFont.onChange", message:"onChange fired", data:{source:"programmatic", enabled:true, hasSelection:true, selIndex:35, entries:1387}, timestamp:1777648376415})
({sessionId:"cf76a1", runId:"font-dropdown-debug", hypothesisId:"H2", location:"import_panel.jsx:ddBoldFont.onChange", message:"onChange fired", data:{source:"programmatic", hasSelection:true, selIndex:0}, timestamp:1777648376495})
({sessionId:"cf76a1", runId:"font-dropdown-debug", hypothesisId:"H7", location:"import_panel.jsx:refreshFontDropdownsFromProject", message:"programmatic flag reset", data:{reason:"writeCfgInputs", programmaticFlag:false}, timestamp:1777648376504})
({sessionId:"cf76a1", runId:"font-dropdown-debug", hypothesisId:"H5", location:"import_panel.jsx:updateFontPickedLabels", message:"labels refreshed from cfg", data:{regularLabel:"当前: ARIALNB | -", boldLabel:"当前: 无（仿加粗）", regular0:"ARIALNB", bold0:"ARIALNB", regularDisplayLabel:"ARIALNB | -", boldDisplayLabel:"ARIALNB | -", hasRealBold:false}, timestamp:1777648376504})
({sessionId:"cf76a1", runId:"font-dropdown-debug", hypothesisId:"H6", location:"import_panel.jsx:w.onActivate", message:"window activate snapshot", data:{programmaticFlag:false, regularSelIndex:35, boldSelIndex:0, regularSelText:"ARIALNB | -", boldSelText:"无（仿加粗）"}, timestamp:1777648376534})
({sessionId:"cf76a1", runId:"font-dropdown-debug", hypothesisId:"H6", location:"import_panel.jsx:w.onActivate", message:"window activate snapshot", data:{programmaticFlag:false, regularSelIndex:35, boldSelIndex:0, regularSelText:"ARIALNB | -", boldSelText:"无（仿加粗）"}, timestamp:1777648376535})
({sessionId:"cf76a1", runId:"font-dropdown-debug", hypothesisId:"H6", location:"import_panel.jsx:w.onActivate", message:"window activate snapshot", data:{programmaticFlag:false, regularSelIndex:35, boldSelIndex:0, regularSelText:"ARIALNB | -", boldSelText:"无（仿加粗）"}, timestamp:1777648376624})
({sessionId:"cf76a1", runId:"font-dropdown-debug", hypothesisId:"H6", location:"import_panel.jsx:w.onActivate", message:"window activate snapshot", data:{programmaticFlag:false, regularSelIndex:35, boldSelIndex:0, regularSelText:"ARIALNB | -", boldSelText:"无（仿加粗）"}, timestamp:1777648376631})
({sessionId:"cf76a1", runId:"font-dropdown-debug", hypothesisId:"H6", location:"import_panel.jsx:w.onActivate", message:"window activate snapshot", data:{programmaticFlag:false, regularSelIndex:14, boldSelIndex:0, regularSelText:"AlibabaPuHuiTi-3-105-Heavy | -", boldSelText:"无（仿加粗）"}, timestamp:1777648398738})
({sessionId:"cf76a1", runId:"font-dropdown-debug", hypothesisId:"H6", location:"import_panel.jsx:w.onActivate", message:"window activate snapshot", data:{programmaticFlag:false, regularSelIndex:14, boldSelIndex:0, regularSelText:"AlibabaPuHuiTi-3-105-Heavy | -", boldSelText:"无（仿加粗）"}, timestamp:1777648398741})
({sessionId:"cf76a1", runId:"font-dropdown-debug", hypothesisId:"H6", location:"import_panel.jsx:w.onActivate", message:"window activate snapshot", data:{programmaticFlag:false, regularSelIndex:35, boldSelIndex:0, regularSelText:"ARIALNB | -", boldSelText:"无（仿加粗）"}, timestamp:1777648398747})
({sessionId:"cf76a1", runId:"font-dropdown-debug", hypothesisId:"H6", location:"import_panel.jsx:w.onActivate", message:"window activate snapshot", data:{programmaticFlag:false, regularSelIndex:35, boldSelIndex:0, regularSelText:"ARIALNB | -", boldSelText:"无（仿加粗）"}, timestamp:1777648398749})
({sessionId:"cf76a1", runId:"font-dropdown-debug", hypothesisId:"H6", location:"import_panel.jsx:w.onActivate", message:"window activate snapshot", data:{programmaticFlag:false, regularSelIndex:35, boldSelIndex:0, regularSelText:"ARIALNB | -", boldSelText:"无（仿加粗）"}, timestamp:1777648398753})
({sessionId:"cf76a1", runId:"font-dropdown-debug", hypothesisId:"H6", location:"import_panel.jsx:w.onActivate", message:"window activate snapshot", data:{programmaticFlag:false, regularSelIndex:35, boldSelIndex:0, regularSelText:"ARIALNB | -", boldSelText:"无（仿加粗）"}, timestamp:1777648398754})
({sessionId:"cf76a1", runId:"font-dropdown-debug", hypothesisId:"H6", location:"import_panel.jsx:w.onActivate", message:"window activate snapshot", data:{programmaticFlag:false, regularSelIndex:35, boldSelIndex:0, regularSelText:"ARIALNB | -", boldSelText:"无（仿加粗）"}, timestamp:1777648398759})
({sessionId:"cf76a1", runId:"font-dropdown-debug", hypothesisId:"H6", location:"import_panel.jsx:w.onActivate", message:"window activate snapshot", data:{programmaticFlag:false, regularSelIndex:35, boldSelIndex:0, regularSelText:"ARIALNB | -", boldSelText:"无（仿加粗）"}, timestamp:1777648398760})
({sessionId:"cf76a1", runId:"font-dropdown-debug", hypothesisId:"H6", location:"import_panel.jsx:w.onActivate", message:"window activate snapshot", data:{programmaticFlag:false, regularSelIndex:35, boldSelIndex:0, regularSelText:"ARIALNB | -", boldSelText:"无（仿加粗）"}, timestamp:1777648398763})
({sessionId:"cf76a1", runId:"font-dropdown-debug", hypothesisId:"H6", location:"import_panel.jsx:w.onActivate", message:"window activate snapshot", data:{programmaticFlag:false, regularSelIndex:35, boldSelIndex:0, regularSelText:"ARIALNB | -", boldSelText:"无（仿加粗）"}, timestamp:1777648398764})
({sessionId:"cf76a1", runId:"font-dropdown-debug", hypothesisId:"H6", location:"import_panel.jsx:w.onActivate", message:"window activate snapshot", data:{programmaticFlag:false, regularSelIndex:35, boldSelIndex:0, regularSelText:"ARIALNB | -", boldSelText:"无（仿加粗）"}, timestamp:1777648398769})
({sessionId:"cf76a1", runId:"font-dropdown-debug", hypothesisId:"H6", location:"import_panel.jsx:w.onActivate", message:"window activate snapshot", data:{programmaticFlag:false, regularSelIndex:35, boldSelIndex:0, regularSelText:"ARIALNB | -", boldSelText:"无（仿加粗）"}, timestamp:1777648398770})
({sessionId:"cf76a1", runId:"font-dropdown-debug", hypothesisId:"H6", location:"import_panel.jsx:w.onActivate", message:"window activate snapshot", data:{programmaticFlag:false, regularSelIndex:35, boldSelIndex:0, regularSelText:"ARIALNB | -", boldSelText:"无（仿加粗）"}, timestamp:1777648398773})
({sessionId:"cf76a1", runId:"font-dropdown-debug", hypothesisId:"H6", location:"import_panel.jsx:w.onActivate", message:"window activate snapshot", data:{programmaticFlag:false, regularSelIndex:35, boldSelIndex:0, regularSelText:"ARIALNB | -", boldSelText:"无（仿加粗）"}, timestamp:1777648398775})
({sessionId:"cf76a1", runId:"font-dropdown-debug", hypothesisId:"H6", location:"import_panel.jsx:w.onActivate", message:"window activate snapshot", data:{programmaticFlag:false, regularSelIndex:35, boldSelIndex:0, regularSelText:"ARIALNB | -", boldSelText:"无（仿加粗）"}, timestamp:1777648398788})
({sessionId:"cf76a1", runId:"font-dropdown-debug", hypothesisId:"H6", location:"import_panel.jsx:w.onActivate", message:"window activate snapshot", data:{programmaticFlag:false, regularSelIndex:35, boldSelIndex:0, regularSelText:"ARIALNB | -", boldSelText:"无（仿加粗）"}, timestamp:1777648398789})
({sessionId:"cf76a1", runId:"font-dropdown-debug", hypothesisId:"H1", location:"import_panel.jsx:refreshFontDropdownsFromProject", message:"font list collected", data:{reason:"writeCfgInputs", total:1393, sample0:{family:"AaJueXingHei-80J-2", style:"", ps:"AaJueXingHei-80J-2"}}, timestamp:1777699527951})
({sessionId:"cf76a1", runId:"font-dropdown-debug", hypothesisId:"H2", location:"import_panel.jsx:ddRegularFont.onChange", message:"onChange fired", data:{source:"programmatic", enabled:true, hasSelection:true, selIndex:35, entries:1393}, timestamp:1777699528128})
({sessionId:"cf76a1", runId:"font-dropdown-debug", hypothesisId:"H2", location:"import_panel.jsx:ddBoldFont.onChange", message:"onChange fired", data:{source:"programmatic", hasSelection:true, selIndex:0}, timestamp:1777699528217})
({sessionId:"cf76a1", runId:"font-dropdown-debug", hypothesisId:"H7", location:"import_panel.jsx:refreshFontDropdownsFromProject", message:"programmatic flag reset", data:{reason:"writeCfgInputs", programmaticFlag:false}, timestamp:1777699528227})
({sessionId:"cf76a1", runId:"font-dropdown-debug", hypothesisId:"H5", location:"import_panel.jsx:updateFontPickedLabels", message:"labels refreshed from cfg", data:{regularLabel:"当前: ARIALNB | -", boldLabel:"当前: 无（仿加粗）", regular0:"ARIALNB", bold0:"ARIALNB", regularDisplayLabel:"ARIALNB | -", boldDisplayLabel:"ARIALNB | -", hasRealBold:false}, timestamp:1777699528228})
({sessionId:"cf76a1", runId:"font-dropdown-debug", hypothesisId:"H6", location:"import_panel.jsx:w.onActivate", message:"window activate snapshot", data:{programmaticFlag:false, regularSelIndex:35, boldSelIndex:0, regularSelText:"ARIALNB | -", boldSelText:"无（仿加粗）"}, timestamp:1777699528288})
({sessionId:"cf76a1", runId:"font-dropdown-debug", hypothesisId:"H6", location:"import_panel.jsx:w.onActivate", message:"window activate snapshot", data:{programmaticFlag:false, regularSelIndex:35, boldSelIndex:0, regularSelText:"ARIALNB | -", boldSelText:"无（仿加粗）"}, timestamp:1777699528289})
({sessionId:"cf76a1", runId:"font-dropdown-debug", hypothesisId:"H13", location:"import_panel.jsx:ddRegularFont.onActivate", message:"regular dropdown activated", data:{selIndex:35, selText:"ARIALNB | -"}, timestamp:1777699531505})
({sessionId:"cf76a1", runId:"font-dropdown-debug", hypothesisId:"H13", location:"import_panel.jsx:ddRegularFont.onDeactivate", message:"regular dropdown deactivated", data:{selIndex:35, selText:"ARIALNB | -"}, timestamp:1777699532112})
({sessionId:"cf76a1", runId:"font-dropdown-debug", hypothesisId:"H13", location:"import_panel.jsx:ddBoldFont.onActivate", message:"bold dropdown activated", data:{selIndex:0, selText:"无（仿加粗）"}, timestamp:1777699532675})
({sessionId:"cf76a1", runId:"font-dropdown-debug", hypothesisId:"H13", location:"import_panel.jsx:ddBoldFont.onDeactivate", message:"bold dropdown deactivated", data:{selIndex:0, selText:"无（仿加粗）"}, timestamp:1777699533642})
({sessionId:"cf76a1", runId:"font-dropdown-debug", hypothesisId:"H4", location:"import_panel.jsx:btnSaveDefaults.onClick", message:"save defaults click snapshot", data:{regularSelIndex:35, boldSelIndex:0, regularSelText:"ARIALNB | -", boldSelText:"无（仿加粗）", lastUserChangeTs:0, lastUserRegularIdx:-1, lastUserBoldIdx:-1}, timestamp:1777699533971})
({sessionId:"cf76a1", runId:"font-dropdown-debug", hypothesisId:"H14", location:"import_panel.jsx:readCfgInputs", message:"dropdown resolution result", data:{regularSource:"selectionIndex", regularRawText:"ARIALNB | -", regularPs:"ARIALNB", boldIsFaux:true, boldSource:"none", boldRawText:"", boldPs:"ARIALNB"}, timestamp:1777699533972})
({sessionId:"cf76a1", runId:"font-dropdown-debug", hypothesisId:"H4", location:"import_panel.jsx:btnSaveDefaults.onClick", message:"save defaults after readCfgInputs", data:{regular0:"ARIALNB", bold0:"ARIALNB"}, timestamp:1777699533972})
({sessionId:"cf76a1", runId:"font-dropdown-debug", hypothesisId:"H5", location:"import_panel.jsx:updateFontPickedLabels", message:"labels refreshed from cfg", data:{regularLabel:"当前: ARIALNB | -", boldLabel:"当前: 无（仿加粗）", regular0:"ARIALNB", bold0:"ARIALNB", regularDisplayLabel:"ARIALNB | -", boldDisplayLabel:"ARIALNB | -", hasRealBold:false}, timestamp:1777699533974})
({sessionId:"cf76a1", runId:"font-dropdown-debug", hypothesisId:"H12", location:"import_panel.jsx:btnSaveDefaults.onClick", message:"forced label refresh after save", data:{regularLabel:"当前: ARIALNB | -", boldLabel:"当前: 无（仿加粗）"}, timestamp:1777699533975})
({sessionId:"cf76a1", runId:"font-dropdown-debug", hypothesisId:"H5", location:"import_panel.jsx:btnSaveDefaults.onClick", message:"save defaults after disk write", data:{regularLabelAfterSave:"当前: ARIALNB | -", boldLabelAfterSave:"当前: 无（仿加粗）", regular0:"ARIALNB", bold0:"ARIALNB"}, timestamp:1777699533975})
({sessionId:"cf76a1", runId:"font-dropdown-debug", hypothesisId:"H13", location:"import_panel.jsx:ddRegularFont.onActivate", message:"regular dropdown activated", data:{selIndex:35, selText:"ARIALNB | -"}, timestamp:1777699535751})
({sessionId:"cf76a1", runId:"font-dropdown-debug", hypothesisId:"H13", location:"import_panel.jsx:ddRegularFont.onDeactivate", message:"regular dropdown deactivated", data:{selIndex:35, selText:"ARIALNB | -"}, timestamp:1777699536504})
({sessionId:"cf76a1", runId:"font-dropdown-debug", hypothesisId:"H4", location:"import_panel.jsx:btnSaveDefaults.onClick", message:"save defaults click snapshot", data:{regularSelIndex:35, boldSelIndex:0, regularSelText:"ARIALNB | -", boldSelText:"无（仿加粗）", lastUserChangeTs:0, lastUserRegularIdx:-1, lastUserBoldIdx:-1}, timestamp:1777699536904})
({sessionId:"cf76a1", runId:"font-dropdown-debug", hypothesisId:"H14", location:"import_panel.jsx:readCfgInputs", message:"dropdown resolution result", data:{regularSource:"selectionIndex", regularRawText:"ARIALNB | -", regularPs:"ARIALNB", boldIsFaux:true, boldSource:"none", boldRawText:"", boldPs:"ARIALNB"}, timestamp:1777699536906})
({sessionId:"cf76a1", runId:"font-dropdown-debug", hypothesisId:"H4", location:"import_panel.jsx:btnSaveDefaults.onClick", message:"save defaults after readCfgInputs", data:{regular0:"ARIALNB", bold0:"ARIALNB"}, timestamp:1777699536906})
({sessionId:"cf76a1", runId:"font-dropdown-debug", hypothesisId:"H5", location:"import_panel.jsx:updateFontPickedLabels", message:"labels refreshed from cfg", data:{regularLabel:"当前: ARIALNB | -", boldLabel:"当前: 无（仿加粗）", regular0:"ARIALNB", bold0:"ARIALNB", regularDisplayLabel:"ARIALNB | -", boldDisplayLabel:"ARIALNB | -", hasRealBold:false}, timestamp:1777699536908})
({sessionId:"cf76a1", runId:"font-dropdown-debug", hypothesisId:"H12", location:"import_panel.jsx:btnSaveDefaults.onClick", message:"forced label refresh after save", data:{regularLabel:"当前: ARIALNB | -", boldLabel:"当前: 无（仿加粗）"}, timestamp:1777699536909})
({sessionId:"cf76a1", runId:"font-dropdown-debug", hypothesisId:"H5", location:"import_panel.jsx:btnSaveDefaults.onClick", message:"save defaults after disk write", data:{regularLabelAfterSave:"当前: ARIALNB | -", boldLabelAfterSave:"当前: 无（仿加粗）", regular0:"ARIALNB", bold0:"ARIALNB"}, timestamp:1777699536910})
({sessionId:"cf76a1", runId:"font-dropdown-debug", hypothesisId:"H4", location:"import_panel.jsx:btnSaveDefaults.onClick", message:"save defaults click snapshot", data:{regularSelIndex:35, boldSelIndex:0, regularSelText:"ARIALNB | -", boldSelText:"无（仿加粗）", lastUserChangeTs:0, lastUserRegularIdx:-1, lastUserBoldIdx:-1}, timestamp:1777699537458})
({sessionId:"cf76a1", runId:"font-dropdown-debug", hypothesisId:"H14", location:"import_panel.jsx:readCfgInputs", message:"dropdown resolution result", data:{regularSource:"selectionIndex", regularRawText:"ARIALNB | -", regularPs:"ARIALNB", boldIsFaux:true, boldSource:"none", boldRawText:"", boldPs:"ARIALNB"}, timestamp:1777699537459})
({sessionId:"cf76a1", runId:"font-dropdown-debug", hypothesisId:"H4", location:"import_panel.jsx:btnSaveDefaults.onClick", message:"save defaults after readCfgInputs", data:{regular0:"ARIALNB", bold0:"ARIALNB"}, timestamp:1777699537460})
({sessionId:"cf76a1", runId:"font-dropdown-debug", hypothesisId:"H5", location:"import_panel.jsx:updateFontPickedLabels", message:"labels refreshed from cfg", data:{regularLabel:"当前: ARIALNB | -", boldLabel:"当前: 无（仿加粗）", regular0:"ARIALNB", bold0:"ARIALNB", regularDisplayLabel:"ARIALNB | -", boldDisplayLabel:"ARIALNB | -", hasRealBold:false}, timestamp:1777699537461})
({sessionId:"cf76a1", runId:"font-dropdown-debug", hypothesisId:"H12", location:"import_panel.jsx:btnSaveDefaults.onClick", message:"forced label refresh after save", data:{regularLabel:"当前: ARIALNB | -", boldLabel:"当前: 无（仿加粗）"}, timestamp:1777699537462})
({sessionId:"cf76a1", runId:"font-dropdown-debug", hypothesisId:"H5", location:"import_panel.jsx:btnSaveDefaults.onClick", message:"save defaults after disk write", data:{regularLabelAfterSave:"当前: ARIALNB | -", boldLabelAfterSave:"当前: 无（仿加粗）", regular0:"ARIALNB", bold0:"ARIALNB"}, timestamp:1777699537463})
({sessionId:"cf76a1", runId:"font-dropdown-debug", hypothesisId:"H4", location:"import_panel.jsx:btnSaveDefaults.onClick", message:"save defaults click snapshot", data:{regularSelIndex:35, boldSelIndex:0, regularSelText:"ARIALNB | -", boldSelText:"无（仿加粗）", lastUserChangeTs:0, lastUserRegularIdx:-1, lastUserBoldIdx:-1}, timestamp:1777699537874})
({sessionId:"cf76a1", runId:"font-dropdown-debug", hypothesisId:"H14", location:"import_panel.jsx:readCfgInputs", message:"dropdown resolution result", data:{regularSource:"selectionIndex", regularRawText:"ARIALNB | -", regularPs:"ARIALNB", boldIsFaux:true, boldSource:"none", boldRawText:"", boldPs:"ARIALNB"}, timestamp:1777699537875})
({sessionId:"cf76a1", runId:"font-dropdown-debug", hypothesisId:"H4", location:"import_panel.jsx:btnSaveDefaults.onClick", message:"save defaults after readCfgInputs", data:{regular0:"ARIALNB", bold0:"ARIALNB"}, timestamp:1777699537876})
({sessionId:"cf76a1", runId:"font-dropdown-debug", hypothesisId:"H5", location:"import_panel.jsx:updateFontPickedLabels", message:"labels refreshed from cfg", data:{regularLabel:"当前: ARIALNB | -", boldLabel:"当前: 无（仿加粗）", regular0:"ARIALNB", bold0:"ARIALNB", regularDisplayLabel:"ARIALNB | -", boldDisplayLabel:"ARIALNB | -", hasRealBold:false}, timestamp:1777699537878})
({sessionId:"cf76a1", runId:"font-dropdown-debug", hypothesisId:"H12", location:"import_panel.jsx:btnSaveDefaults.onClick", message:"forced label refresh after save", data:{regularLabel:"当前: ARIALNB | -", boldLabel:"当前: 无（仿加粗）"}, timestamp:1777699537879})
({sessionId:"cf76a1", runId:"font-dropdown-debug", hypothesisId:"H5", location:"import_panel.jsx:btnSaveDefaults.onClick", message:"save defaults after disk write", data:{regularLabelAfterSave:"当前: ARIALNB | -", boldLabelAfterSave:"当前: 无（仿加粗）", regular0:"ARIALNB", bold0:"ARIALNB"}, timestamp:1777699537880})
({sessionId:"cf76a1", runId:"font-dropdown-debug", hypothesisId:"H1", location:"import_panel.jsx:refreshFontDropdownsFromProject", message:"font list collected", data:{reason:"btnPickFontFile", total:1393, sample0:{family:"AaJueXingHei-80J-2", style:"", ps:"AaJueXingHei-80J-2"}}, timestamp:1777699539736})
({sessionId:"cf76a1", runId:"font-dropdown-debug", hypothesisId:"H2", location:"import_panel.jsx:ddRegularFont.onChange", message:"onChange fired", data:{source:"programmatic", enabled:true, hasSelection:true, selIndex:35, entries:1393}, timestamp:1777699539890})
({sessionId:"cf76a1", runId:"font-dropdown-debug", hypothesisId:"H2", location:"import_panel.jsx:ddBoldFont.onChange", message:"onChange fired", data:{source:"programmatic", hasSelection:true, selIndex:0}, timestamp:1777699539980})
({sessionId:"cf76a1", runId:"font-dropdown-debug", hypothesisId:"H7", location:"import_panel.jsx:refreshFontDropdownsFromProject", message:"programmatic flag reset", data:{reason:"btnPickFontFile", programmaticFlag:false}, timestamp:1777699539991})
({sessionId:"cf76a1", runId:"font-dropdown-debug", hypothesisId:"H13", location:"import_panel.jsx:ddRegularFont.onActivate", message:"regular dropdown activated", data:{selIndex:35, selText:"ARIALNB | -"}, timestamp:1777699540046})
({sessionId:"cf76a1", runId:"font-dropdown-debug", hypothesisId:"H13", location:"import_panel.jsx:ddRegularFont.onDeactivate", message:"regular dropdown deactivated", data:{selIndex:35, selText:"ARIALNB | -"}, timestamp:1777699540583})
({sessionId:"cf76a1", runId:"font-dropdown-debug", hypothesisId:"H13", location:"import_panel.jsx:ddRegularFont.onActivate", message:"regular dropdown activated", data:{selIndex:35, selText:"ARIALNB | -"}, timestamp:1777699541243})
({sessionId:"cf76a1", runId:"font-dropdown-debug", hypothesisId:"H13", location:"import_panel.jsx:ddRegularFont.onDeactivate", message:"regular dropdown deactivated", data:{selIndex:35, selText:"ARIALNB | -"}, timestamp:1777699541872})
({sessionId:"cf76a1", runId:"font-dropdown-debug", hypothesisId:"H1", location:"import_panel.jsx:refreshFontDropdownsFromProject", message:"font list collected", data:{reason:"btnPickFontFile", total:1393, sample0:{family:"AaJueXingHei-80J-2", style:"", ps:"AaJueXingHei-80J-2"}}, timestamp:1777699543919})
({sessionId:"cf76a1", runId:"font-dropdown-debug", hypothesisId:"H2", location:"import_panel.jsx:ddRegularFont.onChange", message:"onChange fired", data:{source:"programmatic", enabled:true, hasSelection:true, selIndex:35, entries:1393}, timestamp:1777699544075})
({sessionId:"cf76a1", runId:"font-dropdown-debug", hypothesisId:"H2", location:"import_panel.jsx:ddBoldFont.onChange", message:"onChange fired", data:{source:"programmatic", hasSelection:true, selIndex:0}, timestamp:1777699544171})
({sessionId:"cf76a1", runId:"font-dropdown-debug", hypothesisId:"H7", location:"import_panel.jsx:refreshFontDropdownsFromProject", message:"programmatic flag reset", data:{reason:"btnPickFontFile", programmaticFlag:false}, timestamp:1777699544181})
({sessionId:"cf76a1", runId:"font-dropdown-debug", hypothesisId:"H1", location:"import_panel.jsx:refreshFontDropdownsFromProject", message:"font list collected", data:{reason:"btnPickFontFile", total:1393, sample0:{family:"AaJueXingHei-80J-2", style:"", ps:"AaJueXingHei-80J-2"}}, timestamp:1777699545060})
({sessionId:"cf76a1", runId:"font-dropdown-debug", hypothesisId:"H2", location:"import_panel.jsx:ddRegularFont.onChange", message:"onChange fired", data:{source:"programmatic", enabled:true, hasSelection:true, selIndex:35, entries:1393}, timestamp:1777699545217})
({sessionId:"cf76a1", runId:"font-dropdown-debug", hypothesisId:"H2", location:"import_panel.jsx:ddBoldFont.onChange", message:"onChange fired", data:{source:"programmatic", hasSelection:true, selIndex:0}, timestamp:1777699545308})
({sessionId:"cf76a1", runId:"font-dropdown-debug", hypothesisId:"H7", location:"import_panel.jsx:refreshFontDropdownsFromProject", message:"programmatic flag reset", data:{reason:"btnPickFontFile", programmaticFlag:false}, timestamp:1777699545318})
({sessionId:"cf76a1", runId:"font-dropdown-debug", hypothesisId:"H1", location:"import_panel.jsx:refreshFontDropdownsFromProject", message:"font list collected", data:{reason:"btnPickFontFile", total:1393, sample0:{family:"AaJueXingHei-80J-2", style:"", ps:"AaJueXingHei-80J-2"}}, timestamp:1777699546215})
({sessionId:"cf76a1", runId:"font-dropdown-debug", hypothesisId:"H2", location:"import_panel.jsx:ddRegularFont.onChange", message:"onChange fired", data:{source:"programmatic", enabled:true, hasSelection:true, selIndex:35, entries:1393}, timestamp:1777699546373})
({sessionId:"cf76a1", runId:"font-dropdown-debug", hypothesisId:"H2", location:"import_panel.jsx:ddBoldFont.onChange", message:"onChange fired", data:{source:"programmatic", hasSelection:true, selIndex:0}, timestamp:1777699546463})
({sessionId:"cf76a1", runId:"font-dropdown-debug", hypothesisId:"H7", location:"import_panel.jsx:refreshFontDropdownsFromProject", message:"programmatic flag reset", data:{reason:"btnPickFontFile", programmaticFlag:false}, timestamp:1777699546473})
({sessionId:"cf76a1", runId:"font-dropdown-debug", hypothesisId:"H1", location:"import_panel.jsx:refreshFontDropdownsFromProject", message:"font list collected", data:{reason:"btnPickFontFile", total:1393, sample0:{family:"AaJueXingHei-80J-2", style:"", ps:"AaJueXingHei-80J-2"}}, timestamp:1777699547374})
({sessionId:"cf76a1", runId:"font-dropdown-debug", hypothesisId:"H2", location:"import_panel.jsx:ddRegularFont.onChange", message:"onChange fired", data:{source:"programmatic", enabled:true, hasSelection:true, selIndex:35, entries:1393}, timestamp:1777699547529})
({sessionId:"cf76a1", runId:"font-dropdown-debug", hypothesisId:"H2", location:"import_panel.jsx:ddBoldFont.onChange", message:"onChange fired", data:{source:"programmatic", hasSelection:true, selIndex:0}, timestamp:1777699547618})
({sessionId:"cf76a1", runId:"font-dropdown-debug", hypothesisId:"H7", location:"import_panel.jsx:refreshFontDropdownsFromProject", message:"programmatic flag reset", data:{reason:"btnPickFontFile", programmaticFlag:false}, timestamp:1777699547629})
({sessionId:"cf76a1", runId:"font-dropdown-debug", hypothesisId:"H13", location:"import_panel.jsx:ddRegularFont.onActivate", message:"regular dropdown activated", data:{selIndex:35, selText:"ARIALNB | -"}, timestamp:1777699549234})
({sessionId:"cf76a1", runId:"font-dropdown-debug", hypothesisId:"H13", location:"import_panel.jsx:ddRegularFont.onDeactivate", message:"regular dropdown deactivated", data:{selIndex:35, selText:"ARIALNB | -"}, timestamp:1777699550167})
({sessionId:"cf76a1", runId:"font-dropdown-debug", hypothesisId:"H4", location:"import_panel.jsx:btnSaveDefaults.onClick", message:"save defaults click snapshot", data:{regularSelIndex:35, boldSelIndex:0, regularSelText:"ARIALNB | -", boldSelText:"无（仿加粗）", lastUserChangeTs:0, lastUserRegularIdx:-1, lastUserBoldIdx:-1}, timestamp:1777699550392})
({sessionId:"cf76a1", runId:"font-dropdown-debug", hypothesisId:"H14", location:"import_panel.jsx:readCfgInputs", message:"dropdown resolution result", data:{regularSource:"selectionIndex", regularRawText:"ARIALNB | -", regularPs:"ARIALNB", boldIsFaux:true, boldSource:"none", boldRawText:"", boldPs:"ARIALNB"}, timestamp:1777699550393})
({sessionId:"cf76a1", runId:"font-dropdown-debug", hypothesisId:"H4", location:"import_panel.jsx:btnSaveDefaults.onClick", message:"save defaults after readCfgInputs", data:{regular0:"ARIALNB", bold0:"ARIALNB"}, timestamp:1777699550394})
({sessionId:"cf76a1", runId:"font-dropdown-debug", hypothesisId:"H5", location:"import_panel.jsx:updateFontPickedLabels", message:"labels refreshed from cfg", data:{regularLabel:"当前: ARIALNB | -", boldLabel:"当前: 无（仿加粗）", regular0:"ARIALNB", bold0:"ARIALNB", regularDisplayLabel:"ARIALNB | -", boldDisplayLabel:"ARIALNB | -", hasRealBold:false}, timestamp:1777699550396})
({sessionId:"cf76a1", runId:"font-dropdown-debug", hypothesisId:"H12", location:"import_panel.jsx:btnSaveDefaults.onClick", message:"forced label refresh after save", data:{regularLabel:"当前: ARIALNB | -", boldLabel:"当前: 无（仿加粗）"}, timestamp:1777699550396})
({sessionId:"cf76a1", runId:"font-dropdown-debug", hypothesisId:"H5", location:"import_panel.jsx:btnSaveDefaults.onClick", message:"save defaults after disk write", data:{regularLabelAfterSave:"当前: ARIALNB | -", boldLabelAfterSave:"当前: 无（仿加粗）", regular0:"ARIALNB", bold0:"ARIALNB"}, timestamp:1777699550398})
({sessionId:"cf76a1", runId:"font-dropdown-debug", hypothesisId:"H13", location:"import_panel.jsx:ddRegularFont.onActivate", message:"regular dropdown activated", data:{selIndex:35, selText:"ARIALNB | -"}, timestamp:1777699561974})
({sessionId:"cf76a1", runId:"font-dropdown-debug", hypothesisId:"H13", location:"import_panel.jsx:ddRegularFont.onDeactivate", message:"regular dropdown deactivated", data:{selIndex:35, selText:"ARIALNB | -"}, timestamp:1777699563208})
({sessionId:"cf76a1", runId:"font-dropdown-debug", hypothesisId:"H13", location:"import_panel.jsx:ddBoldFont.onActivate", message:"bold dropdown activated", data:{selIndex:0, selText:"无（仿加粗）"}, timestamp:1777699564136})
({sessionId:"cf76a1", runId:"font-dropdown-debug", hypothesisId:"H13", location:"import_panel.jsx:ddBoldFont.onDeactivate", message:"bold dropdown deactivated", data:{selIndex:0, selText:"无（仿加粗）"}, timestamp:1777699565744})
({sessionId:"cf76a1", runId:"font-dropdown-debug", hypothesisId:"H4", location:"import_panel.jsx:btnSaveDefaults.onClick", message:"save defaults click snapshot", data:{regularSelIndex:35, boldSelIndex:0, regularSelText:"ARIALNB | -", boldSelText:"无（仿加粗）", lastUserChangeTs:0, lastUserRegularIdx:-1, lastUserBoldIdx:-1}, timestamp:1777699565926})
({sessionId:"cf76a1", runId:"font-dropdown-debug", hypothesisId:"H14", location:"import_panel.jsx:readCfgInputs", message:"dropdown resolution result", data:{regularSource:"selectionIndex", regularRawText:"ARIALNB | -", regularPs:"ARIALNB", boldIsFaux:true, boldSource:"none", boldRawText:"", boldPs:"ARIALNB"}, timestamp:1777699565927})
({sessionId:"cf76a1", runId:"font-dropdown-debug", hypothesisId:"H4", location:"import_panel.jsx:btnSaveDefaults.onClick", message:"save defaults after readCfgInputs", data:{regular0:"ARIALNB", bold0:"ARIALNB"}, timestamp:1777699565928})
({sessionId:"cf76a1", runId:"font-dropdown-debug", hypothesisId:"H5", location:"import_panel.jsx:updateFontPickedLabels", message:"labels refreshed from cfg", data:{regularLabel:"当前: ARIALNB | -", boldLabel:"当前: 无（仿加粗）", regular0:"ARIALNB", bold0:"ARIALNB", regularDisplayLabel:"ARIALNB | -", boldDisplayLabel:"ARIALNB | -", hasRealBold:false}, timestamp:1777699565930})
({sessionId:"cf76a1", runId:"font-dropdown-debug", hypothesisId:"H12", location:"import_panel.jsx:btnSaveDefaults.onClick", message:"forced label refresh after save", data:{regularLabel:"当前: ARIALNB | -", boldLabel:"当前: 无（仿加粗）"}, timestamp:1777699565931})
({sessionId:"cf76a1", runId:"font-dropdown-debug", hypothesisId:"H5", location:"import_panel.jsx:btnSaveDefaults.onClick", message:"save defaults after disk write", data:{regularLabelAfterSave:"当前: ARIALNB | -", boldLabelAfterSave:"当前: 无（仿加粗）", regular0:"ARIALNB", bold0:"ARIALNB"}, timestamp:1777699565932})
({sessionId:"cf76a1", runId:"font-dropdown-debug", hypothesisId:"H13", location:"import_panel.jsx:ddRegularFont.onActivate", message:"regular dropdown activated", data:{selIndex:35, selText:"ARIALNB | -"}, timestamp:1777699567230})
({sessionId:"cf76a1", runId:"font-dropdown-debug", hypothesisId:"H13", location:"import_panel.jsx:ddRegularFont.onDeactivate", message:"regular dropdown deactivated", data:{selIndex:35, selText:"ARIALNB | -"}, timestamp:1777699567774})
({sessionId:"cf76a1", runId:"font-dropdown-debug", hypothesisId:"H13", location:"import_panel.jsx:ddBoldFont.onActivate", message:"bold dropdown activated", data:{selIndex:0, selText:"无（仿加粗）"}, timestamp:1777699568260})
({sessionId:"cf76a1", runId:"font-dropdown-debug", hypothesisId:"H13", location:"import_panel.jsx:ddBoldFont.onDeactivate", message:"bold dropdown deactivated", data:{selIndex:0, selText:"无（仿加粗）"}, timestamp:1777699568842})
({sessionId:"cf76a1", runId:"font-dropdown-debug", hypothesisId:"H4", location:"import_panel.jsx:btnSaveDefaults.onClick", message:"save defaults click snapshot", data:{regularSelIndex:35, boldSelIndex:0, regularSelText:"ARIALNB | -", boldSelText:"无（仿加粗）", lastUserChangeTs:0, lastUserRegularIdx:-1, lastUserBoldIdx:-1}, timestamp:1777699568976})
({sessionId:"cf76a1", runId:"font-dropdown-debug", hypothesisId:"H14", location:"import_panel.jsx:readCfgInputs", message:"dropdown resolution result", data:{regularSource:"selectionIndex", regularRawText:"ARIALNB | -", regularPs:"ARIALNB", boldIsFaux:true, boldSource:"none", boldRawText:"", boldPs:"ARIALNB"}, timestamp:1777699568977})
({sessionId:"cf76a1", runId:"font-dropdown-debug", hypothesisId:"H4", location:"import_panel.jsx:btnSaveDefaults.onClick", message:"save defaults after readCfgInputs", data:{regular0:"ARIALNB", bold0:"ARIALNB"}, timestamp:1777699568978})
({sessionId:"cf76a1", runId:"font-dropdown-debug", hypothesisId:"H5", location:"import_panel.jsx:updateFontPickedLabels", message:"labels refreshed from cfg", data:{regularLabel:"当前: ARIALNB | -", boldLabel:"当前: 无（仿加粗）", regular0:"ARIALNB", bold0:"ARIALNB", regularDisplayLabel:"ARIALNB | -", boldDisplayLabel:"ARIALNB | -", hasRealBold:false}, timestamp:1777699568980})
({sessionId:"cf76a1", runId:"font-dropdown-debug", hypothesisId:"H12", location:"import_panel.jsx:btnSaveDefaults.onClick", message:"forced label refresh after save", data:{regularLabel:"当前: ARIALNB | -", boldLabel:"当前: 无（仿加粗）"}, timestamp:1777699568981})
({sessionId:"cf76a1", runId:"font-dropdown-debug", hypothesisId:"H5", location:"import_panel.jsx:btnSaveDefaults.onClick", message:"save defaults after disk write", data:{regularLabelAfterSave:"当前: ARIALNB | -", boldLabelAfterSave:"当前: 无（仿加粗）", regular0:"ARIALNB", bold0:"ARIALNB"}, timestamp:1777699568982})
({sessionId:"cf76a1", runId:"font-dropdown-debug", hypothesisId:"H1", location:"import_panel.jsx:refreshFontDropdownsFromProject", message:"font list collected", data:{reason:"btnPickFontFile", total:1393, sample0:{family:"AaJueXingHei-80J-2", style:"", ps:"AaJueXingHei-80J-2"}}, timestamp:1777699570637})
({sessionId:"cf76a1", runId:"font-dropdown-debug", hypothesisId:"H2", location:"import_panel.jsx:ddRegularFont.onChange", message:"onChange fired", data:{source:"programmatic", enabled:true, hasSelection:true, selIndex:35, entries:1393}, timestamp:1777699570794})
({sessionId:"cf76a1", runId:"font-dropdown-debug", hypothesisId:"H2", location:"import_panel.jsx:ddBoldFont.onChange", message:"onChange fired", data:{source:"programmatic", hasSelection:true, selIndex:0}, timestamp:1777699570887})
({sessionId:"cf76a1", runId:"font-dropdown-debug", hypothesisId:"H7", location:"import_panel.jsx:refreshFontDropdownsFromProject", message:"programmatic flag reset", data:{reason:"btnPickFontFile", programmaticFlag:false}, timestamp:1777699570899})
({sessionId:"cf76a1", runId:"font-dropdown-debug", hypothesisId:"H1", location:"import_panel.jsx:refreshFontDropdownsFromProject", message:"font list collected", data:{reason:"btnPickFontFile", total:1393, sample0:{family:"AaJueXingHei-80J-2", style:"", ps:"AaJueXingHei-80J-2"}}, timestamp:1777699571787})
({sessionId:"cf76a1", runId:"font-dropdown-debug", hypothesisId:"H2", location:"import_panel.jsx:ddRegularFont.onChange", message:"onChange fired", data:{source:"programmatic", enabled:true, hasSelection:true, selIndex:35, entries:1393}, timestamp:1777699571946})
({sessionId:"cf76a1", runId:"font-dropdown-debug", hypothesisId:"H2", location:"import_panel.jsx:ddBoldFont.onChange", message:"onChange fired", data:{source:"programmatic", hasSelection:true, selIndex:0}, timestamp:1777699572035})
({sessionId:"cf76a1", runId:"font-dropdown-debug", hypothesisId:"H7", location:"import_panel.jsx:refreshFontDropdownsFromProject", message:"programmatic flag reset", data:{reason:"btnPickFontFile", programmaticFlag:false}, timestamp:1777699572047})
({sessionId:"cf76a1", runId:"font-dropdown-debug", hypothesisId:"H1", location:"import_panel.jsx:refreshFontDropdownsFromProject", message:"font list collected", data:{reason:"btnPickFontFile", total:1393, sample0:{family:"AaJueXingHei-80J-2", style:"", ps:"AaJueXingHei-80J-2"}}, timestamp:1777699572928})
({sessionId:"cf76a1", runId:"font-dropdown-debug", hypothesisId:"H2", location:"import_panel.jsx:ddRegularFont.onChange", message:"onChange fired", data:{source:"programmatic", enabled:true, hasSelection:true, selIndex:35, entries:1393}, timestamp:1777699573083})
({sessionId:"cf76a1", runId:"font-dropdown-debug", hypothesisId:"H2", location:"import_panel.jsx:ddBoldFont.onChange", message:"onChange fired", data:{source:"programmatic", hasSelection:true, selIndex:0}, timestamp:1777699573174})
({sessionId:"cf76a1", runId:"font-dropdown-debug", hypothesisId:"H7", location:"import_panel.jsx:refreshFontDropdownsFromProject", message:"programmatic flag reset", data:{reason:"btnPickFontFile", programmaticFlag:false}, timestamp:1777699573184})
