**********************
Windows PowerShell transcript start
Start time: 20260503121517
Username: DESKTOP-5S1EKM0\Bone
RunAs User: DESKTOP-5S1EKM0\Bone
Configuration Name: 
Machine: DESKTOP-5S1EKM0 (Microsoft Windows NT 10.0.22621.0)
Host Application: powershell -NoLogo -NoProfile -ExecutionPolicy Bypass -File .\install_cep.ps1 -NoPause
Process ID: 20700
PSVersion: 5.1.22621.3880
PSEdition: Desktop
PSCompatibleVersions: 1.0, 2.0, 3.0, 4.0, 5.0, 5.1.22621.3880
BuildVersion: 10.0.22621.3880
CLRVersion: 4.0.30319.42000
WSManStackVersion: 3.0
PSRemotingProtocolVersion: 2.3
SerializationVersion: 1.1.0.1
**********************
[INFO] Installing CEP extension: com.word_to_photoshop.panel
[INFO] Copying extension files to: C:\Users\whhai\AppData\Roaming\Adobe\CEP\extensions\com.word_to_photoshop.panel
[OK]   Extension files copied to: C:\Users\whhai\AppData\Roaming\Adobe\CEP\extensions\com.word_to_photoshop.panel
[INFO] Bundling runtime payload into: C:\Users\whhai\AppData\Roaming\Adobe\CEP\extensions\com.word_to_photoshop.panel\host\repo
[OK]   Default settings template written: C:\Users\whhai\AppData\Roaming\Adobe\CEP\extensions\com.word_to_photoshop.panel\host\repo\settings.default.json
[OK]   Runtime payload bundled.
[INFO] Copying extension files to: C:\Program Files (x86)\Common Files\Adobe\CEP\extensions\com.word_to_photoshop.panel
PS>TerminatingError(Copy-Item): "The running command stopped because the preference variable "ErrorActionPreference" or common parameter is set to Stop: Access to the path 'com.word_to_photoshop.panel' is denied."
[WARN] Skipping path due to permission or IO error: C:\Program Files (x86)\Common Files\Adobe\CEP\extensions
[WARN] Access to the path 'com.word_to_photoshop.panel' is denied.
[INFO] Copying extension files to: C:\Program Files\Common Files\Adobe\CEP\extensions\com.word_to_photoshop.panel
PS>TerminatingError(Copy-Item): "The running command stopped because the preference variable "ErrorActionPreference" or common parameter is set to Stop: Access to the path 'com.word_to_photoshop.panel' is denied."
[WARN] Skipping path due to permission or IO error: C:\Program Files\Common Files\Adobe\CEP\extensions
[WARN] Access to the path 'com.word_to_photoshop.panel' is denied.
[INFO] Syncing runtime payload to workspace extension source: C:\Users\whhai\Documents\GitHub\word-to-photoshop\cep-extension\com.word_to_photoshop.panel\host\repo
[OK]   Default settings template synced to source extension.
[OK]   Workspace extension host\\repo is up to date.
[OK]   User data folder ready: C:\Users\whhai\AppData\Roaming\com.word_to_photoshop
[OK]   CSXS.7 PlayerDebugMode=1 has been set
[OK]   CSXS.8 PlayerDebugMode=1 has been set
[OK]   CSXS.9 PlayerDebugMode=1 has been set
[OK]   CSXS.10 PlayerDebugMode=1 has been set
[OK]   CSXS.11 PlayerDebugMode=1 has been set
[OK]   CSXS.12 PlayerDebugMode=1 has been set
[OK]   CSXS.13 PlayerDebugMode=1 has been set
[OK]   CSXS.14 PlayerDebugMode=1 has been set
[OK]   CSXS.15 PlayerDebugMode=1 has been set
[OK]   CSXS.16 PlayerDebugMode=1 has been set
[OK]   CSXS.17 PlayerDebugMode=1 has been set
[OK]   CSXS.18 PlayerDebugMode=1 has been set
[OK]   CSXS.19 PlayerDebugMode=1 has been set
[OK]   CSXS.20 PlayerDebugMode=1 has been set

[OK]   CEP installation completed.
Next: restart Photoshop.
  PS CC 2018: Window > Extensions > Word Import CEP (menu label may differ by language).
  PS 2020+: often Window > Extensions (Legacy) > Word Import CEP
  After install you can move or delete the source folder; the extension is self-contained.
**********************
Windows PowerShell transcript end
End time: 20260503121517
**********************
